Log file open, 11/06/18 19:28:52
LogWindows: Failed to load 'aqProf.dll' (GetLastError=126)
LogWindows: File 'aqProf.dll' does not exist
LogWindows: Failed to load 'VtuneApi.dll' (GetLastError=126)
LogWindows: File 'VtuneApi.dll' does not exist
LogWindows: Failed to load 'VtuneApi32e.dll' (GetLastError=126)
LogWindows: File 'VtuneApi32e.dll' does not exist
LogInit: Display: Running engine for game: Autophobia
LogPlatformFile: Not using cached read wrapper
LogTaskGraph: Started task graph with 5 named threads and 14 total threads with 3 sets of task threads.
LogStats: Stats thread started at 0.214389
LogD3D11RHI: Loaded GFSDK_Aftermath_Lib.x64.dll
LogICUInternationalization: Display: ICU TimeZone Detection - Raw Offset: +3:00, Platform Override: ''
LogPluginManager: Mounting plugin Paper2D
LogPluginManager: Mounting plugin AISupport
LogPluginManager: Mounting plugin LightPropagationVolume
LogPluginManager: Mounting plugin CLionSourceCodeAccess
LogPluginManager: Mounting plugin CodeLiteSourceCodeAccess
LogPluginManager: Mounting plugin GitSourceControl
LogPluginManager: Mounting plugin KDevelopSourceCodeAccess
LogPluginManager: Mounting plugin NullSourceCodeAccess
LogPluginManager: Mounting plugin PerforceSourceControl
LogPluginManager: Mounting plugin SubversionSourceControl
LogPluginManager: Mounting plugin UObjectPlugin
LogPluginManager: Mounting plugin VisualStudioCodeSourceCodeAccess
LogPluginManager: Mounting plugin VisualStudioSourceCodeAccess
LogPluginManager: Mounting plugin XCodeSourceCodeAccess
LogPluginManager: Mounting plugin AssetManagerEditor
LogPluginManager: Mounting plugin CryptoKeys
LogPluginManager: Mounting plugin DataValidation
LogPluginManager: Mounting plugin FacialAnimation
LogPluginManager: Mounting plugin GameplayTagsEditor
LogPluginManager: Mounting plugin MacGraphicsSwitching
LogPluginManager: Mounting plugin MeshEditor
LogPluginManager: Mounting plugin MobileLauncherProfileWizard
LogPluginManager: Mounting plugin PluginBrowser
LogPluginManager: Mounting plugin SpeedTreeImporter
LogPluginManager: Mounting plugin DatasmithContent
LogPluginManager: Mounting plugin AlembicImporter
LogPluginManager: Mounting plugin AppleImageUtils
LogPluginManager: Mounting plugin AppleVision
LogPluginManager: Mounting plugin BackChannel
LogPluginManager: Mounting plugin CharacterAI
LogPluginManager: Mounting plugin GeometryCache
LogPluginManager: Mounting plugin HTML5Networking
LogPluginManager: Mounting plugin ProxyLODPlugin
LogPluginManager: Mounting plugin MagicLeap
LogPluginManager: Mounting plugin MagicLeapEmulator
LogPluginManager: Mounting plugin MagicLeapMedia
LogPluginManager: Mounting plugin AndroidMedia
LogPluginManager: Mounting plugin AvfMedia
LogPluginManager: Mounting plugin ImgMedia
LogPluginManager: Mounting plugin LinearTimecode
LogPluginManager: Mounting plugin MediaCompositing
LogPluginManager: Mounting plugin MediaPlayerEditor
LogPluginManager: Mounting plugin WmfMedia
LogPluginManager: Mounting plugin TcpMessaging
LogPluginManager: Mounting plugin UdpMessaging
LogPluginManager: Mounting plugin ActorSequence
LogPluginManager: Mounting plugin LevelSequenceEditor
LogPluginManager: Mounting plugin MatineeToLevelSequence
LogPluginManager: Mounting plugin NetcodeUnitTest
LogPluginManager: Mounting plugin NUTUnrealEngine4
LogPluginManager: Mounting plugin OnlineSubsystemGooglePlay
LogPluginManager: Mounting plugin OnlineSubsystemIOS
LogPluginManager: Mounting plugin OnlineSubsystem
LogPluginManager: Mounting plugin OnlineSubsystemNull
LogPluginManager: Mounting plugin OnlineSubsystemUtils
LogPluginManager: Mounting plugin LauncherChunkInstaller
LogPluginManager: Mounting plugin AndroidDeviceProfileSelector
LogPluginManager: Mounting plugin AndroidMoviePlayer
LogPluginManager: Mounting plugin AndroidPermission
LogPluginManager: Mounting plugin AppleMoviePlayer
LogPluginManager: Mounting plugin ArchVisCharacter
LogPluginManager: Mounting plugin AudioCapture
LogPluginManager: Mounting plugin CableComponent
LogPluginManager: Mounting plugin CustomMeshComponent
LogPluginManager: Mounting plugin EditableMesh
LogPluginManager: Mounting plugin ExampleDeviceProfileSelector
LogPluginManager: Mounting plugin GoogleCloudMessaging
LogPluginManager: Mounting plugin ImmediatePhysics
LogPluginManager: Mounting plugin IOSDeviceProfileSelector
LogPluginManager: Mounting plugin LinuxDeviceProfileSelector
LogPluginManager: Mounting plugin LocationServicesBPLibrary
LogPluginManager: Mounting plugin MobilePatchingUtils
LogPluginManager: Mounting plugin OculusVR
LogPluginManager: Plugin shader directory ../../../Engine/Plugins/Runtime/Oculus/OculusVR/Shaders found
LogPluginManager: Mapping shader source directory ../../../Engine/Plugins/Runtime/Oculus/OculusVR/Shaders to virtual directory /Plugin/OculusVR
LogPluginManager: Mounting plugin PhysXVehicles
LogPluginManager: Mounting plugin ProceduralMeshComponent
LogPluginManager: Mounting plugin RuntimePhysXCooking
LogPluginManager: Mounting plugin SteamVR
LogPluginManager: Mounting plugin WindowsMoviePlayer
LogStreaming: Display: Took  0.240s to configure plugins.
LogInit: Using libcurl 7.55.1-DEV
LogInit:  - built for x86_64-pc-win32
LogInit:  - supports SSL with OpenSSL/1.0.2h
LogInit:  - supports HTTP deflate (compression) using libz 1.2.8
LogInit:  - other features:
LogInit:      CURL_VERSION_SSL
LogInit:      CURL_VERSION_LIBZ
LogInit:      CURL_VERSION_IPV6
LogInit:      CURL_VERSION_ASYNCHDNS
LogInit:      CURL_VERSION_LARGEFILE
LogInit:      CURL_VERSION_IDN
LogInit:  CurlRequestOptions (configurable via config and command line):
LogInit:  - bVerifyPeer = false  - Libcurl will NOT verify peer certificate
LogInit:  - bUseHttpProxy = false  - Libcurl will NOT use HTTP proxy
LogInit:  - bDontReuseConnections = false  - Libcurl will reuse connections
LogInit:  - CertBundlePath = nullptr  - Libcurl will use whatever was configured at build time.
LogInit:  - MaxHostConnections = 16  - Libcurl will limit the number of connections to a host
LogInit:  - LocalHostAddr = Default
LogInit:  - BufferSize = 65536
LogInit: WinSock: version 1.1 (2.2), MaxSocks=32767, MaxUdp=65467
LogInit: Build: ++UE4+Release-4.20-CL-4302132
LogInit: Engine Version: 4.20.2-4302132+++UE4+Release-4.20
LogInit: Compatible Engine Version: 4.20.0-4212847+++UE4+Release-4.20
LogInit: Net CL: 4212847
LogInit: OS: Windows 10 (), CPU: Intel(R) Core(TM) i5-4460  CPU @ 3.20GHz, GPU: NVIDIA GeForce GTX 1060 6GB
LogInit: Compiled (64-bit): Aug 21 2018 02:06:06
LogInit: Compiled with Visual C++: 19.13.26129.00
LogInit: Build Configuration: Development
LogInit: Branch Name: ++UE4+Release-4.20
LogInit: Command Line: -EpicPortal  -epicusername="Sadlize" -epicuserid=d7c36446f0e0463fadc3ddbb964c3080 -epiclocale=ru-RU
LogInit: Base Directory: D:/UE_4.20/Engine/Binaries/Win64/
LogInit: Installed Engine Build: 1
LogDevObjectVersion: Number of dev versions registered: 20
LogDevObjectVersion:   Dev-Blueprints (B0D832E4-1F89-4F0D-ACCF-7EB736FD4AA2): 10
LogDevObjectVersion:   Dev-Build (E1C64328-A22C-4D53-A36C-8E866417BD8C): 0
LogDevObjectVersion:   Dev-Core (375EC13C-06E4-48FB-B500-84F0262A717E): 2
LogDevObjectVersion:   Dev-Editor (E4B068ED-F494-42E9-A231-DA0B2E46BB41): 24
LogDevObjectVersion:   Dev-Framework (CFFC743F-43B0-4480-9391-14DF171D2073): 34
LogDevObjectVersion:   Dev-Mobile (B02B49B5-BB20-44E9-A304-32B752E40360): 2
LogDevObjectVersion:   Dev-Networking (A4E4105C-59A1-49B5-A7C5-40C4547EDFEE): 0
LogDevObjectVersion:   Dev-Online (39C831C9-5AE6-47DC-9A44-9C173E1C8E7C): 0
LogDevObjectVersion:   Dev-Physics (78F01B33-EBEA-4F98-B9B4-84EACCB95AA2): 0
LogDevObjectVersion:   Dev-Platform (6631380F-2D4D-43E0-8009-CF276956A95A): 0
LogDevObjectVersion:   Dev-Rendering (12F88B9F-8875-4AFC-A67C-D90C383ABD29): 26
LogDevObjectVersion:   Dev-Sequencer (7B5AE74C-D270-4C10-A958-57980B212A5A): 9
LogDevObjectVersion:   Dev-VR (D7296918-1DD6-4BDD-9DE2-64A83CC13884): 2
LogDevObjectVersion:   Dev-LoadTimes (C2A15278-BFE7-4AFE-6C17-90FF531DF755): 1
LogDevObjectVersion:   Private-Geometry (6EACA3D4-40EC-4CC1-B786-8BED09428FC5): 3
LogDevObjectVersion:   Dev-AnimPhys (29E575DD-E0A3-4627-9D10-D276232CDCEA): 17
LogDevObjectVersion:   Dev-ReflectionCapture (6B266CEC-1EC7-4B8F-A30B-E4D90942FC07): 1
LogDevObjectVersion:   Dev-Automation (0DF73D61-A23F-47EA-B727-89E90C41499A): 1
LogDevObjectVersion:   FortniteMain (601D1886-AC64-4F84-AA16-D3DE0DEAC7D6): 12
LogDevObjectVersion:   Dev-Enterprise (9DFFBCD6-494F-0158-E221-12823C92A888): 1
LogStreaming: Display: Took  0.001s to delete old logs.
LogInit: Presizing for max 8388607 objects, including 0 objects not considered by GC, pre-allocating 0 bytes for permanent pool.
LogInit: Object subsystem initialized
[2018.11.06-16.28.52:591][  0]LogInit: Selected Device Profile: [Windows]
[2018.11.06-16.28.52:591][  0]LogInit: Applying CVar settings loaded from the selected device profile: [Windows]
[2018.11.06-16.28.52:611][  0]LogHAL: Display: Platform has ~ 8 GB [8522641408 / 8589934592 / 8], which maps to Default [LargestMinGB=32, LargerMinGB=12, DefaultMinGB=8, SmallerMinGB=6, SmallestMinGB=0)
[2018.11.06-16.28.52:611][  0]LogInit: Setting Device Profile CVar: [[r.Vulkan.UseRealUBs:1]]
[2018.11.06-16.28.52:611][  0]LogInit: Going up to parent DeviceProfile []
[2018.11.06-16.28.52:611][  0]LogInit: Computer: SADLIZE
[2018.11.06-16.28.52:611][  0]LogInit: User: Алексей
[2018.11.06-16.28.52:611][  0]LogInit: CPU Page size=4096, Cores=4
[2018.11.06-16.28.52:611][  0]LogInit: High frequency timer resolution =3.125000 MHz
[2018.11.06-16.28.52:612][  0]LogMemory: Memory total: Physical=7.9GB (8GB approx)
[2018.11.06-16.28.52:612][  0]LogMemory: Platform Memory Stats for Windows
[2018.11.06-16.28.52:612][  0]LogMemory: Process Physical Memory: 99.48 MB used, 99.48 MB peak
[2018.11.06-16.28.52:612][  0]LogMemory: Process Virtual Memory: 82.98 MB used, 82.98 MB peak
[2018.11.06-16.28.52:612][  0]LogMemory: Physical Memory: 4893.55 MB used,  3234.27 MB free, 8127.82 MB total
[2018.11.06-16.28.52:612][  0]LogMemory: Virtual Memory: 4604.64 MB used,  3234.27 MB free, 134217728.00 MB total
[2018.11.06-16.28.52:638][  0]LogInit: Using OS detected language (ru-RU).
[2018.11.06-16.28.52:638][  0]LogInit: Using OS detected locale (ru-RU).
[2018.11.06-16.28.52:640][  0]LogTextLocalizationManager: No specific localization for 'ru-RU' exists, so the 'ru' localization will be used.
[2018.11.06-16.28.52:643][  0]LogStreaming: Display: Took  0.005s to InitEngineTextLocalization.
[2018.11.06-16.28.52:644][  0]LogInit: Setting process to per monitor DPI aware
[2018.11.06-16.28.52:693][  0]LogSlate: New Slate User Created.  User Index 0, Is Virtual User: 0
[2018.11.06-16.28.52:693][  0]LogSlate: Slate User Registered.  User Index 0, Is Virtual User: 0
[2018.11.06-16.28.52:979][  0]LogHMD: Failed to initialize OpenVR with code 110
[2018.11.06-16.28.52:979][  0]LogD3D11RHI: D3D11 adapters:
[2018.11.06-16.28.53:062][  0]LogD3D11RHI:    0. 'NVIDIA GeForce GTX 1060 6GB' (Feature Level 11_0)
[2018.11.06-16.28.53:062][  0]LogD3D11RHI:       6052/0/4063 MB DedicatedVideo/DedicatedSystem/SharedSystem, Outputs:1, VendorId:0x10de
[2018.11.06-16.28.53:065][  0]LogD3D11RHI:    1. 'Microsoft Basic Render Driver' (Feature Level 11_0)
[2018.11.06-16.28.53:065][  0]LogD3D11RHI:       0/0/4063 MB DedicatedVideo/DedicatedSystem/SharedSystem, Outputs:0, VendorId:0x1414
[2018.11.06-16.28.53:065][  0]LogD3D11RHI: Chosen D3D11 Adapter: 0
[2018.11.06-16.28.53:077][  0]LogD3D11RHI: Creating new Direct3DDevice
[2018.11.06-16.28.53:077][  0]LogD3D11RHI:     GPU DeviceId: 0x1c03 (for the marketing name, search the web for "GPU Device Id")
[2018.11.06-16.28.53:077][  0]LogWindows: EnumDisplayDevices:
[2018.11.06-16.28.53:077][  0]LogWindows:    0. 'NVIDIA GeForce GTX 1060 6GB' (P:1 D:1)
[2018.11.06-16.28.53:078][  0]LogWindows:    1. 'NVIDIA GeForce GTX 1060 6GB' (P:0 D:0)
[2018.11.06-16.28.53:078][  0]LogWindows:    2. 'NVIDIA GeForce GTX 1060 6GB' (P:0 D:0)
[2018.11.06-16.28.53:079][  0]LogWindows:    3. 'NVIDIA GeForce GTX 1060 6GB' (P:0 D:0)
[2018.11.06-16.28.53:079][  0]LogWindows: DebugString: FoundDriverCount:4 
[2018.11.06-16.28.53:080][  0]LogD3D11RHI:     Adapter Name: NVIDIA GeForce GTX 1060 6GB
[2018.11.06-16.28.53:080][  0]LogD3D11RHI:   Driver Version: 416.16 (internal:25.21.14.1616, unified:416.16)
[2018.11.06-16.28.53:080][  0]LogD3D11RHI:      Driver Date: 10-2-2018
[2018.11.06-16.28.53:080][  0]LogRHI: Texture pool is 4236 MB (70% of 6052 MB)
[2018.11.06-16.28.53:140][  0]LogD3D11RHI: Async texture creation enabled
[2018.11.06-16.28.53:168][  0]LogD3D11RHI: GPU Timing Frequency: 1000.000000 (Debug: 2 2)
[2018.11.06-16.28.53:171][  0]LogShaderCompilers: Guid format shader working directory is 25 characters bigger than the processId version (../../../../Autophobia/Intermediate/Shaders/WorkingDirectory/13904/).
[2018.11.06-16.28.53:171][  0]LogShaderCompilers: Cleaned the shader compiler working directory 'C:/Users/Алексей/AppData/Local/Temp/UnrealShaderWorkingDir/52A3B3074174C6F8F7A08D85B15BD673/'.
[2018.11.06-16.28.53:548][  0]LogTemp: Display: Loaded TP AllDesktopTargetPlatform
[2018.11.06-16.28.53:564][  0]LogTemp: Display: Loaded TP MacClientTargetPlatform
[2018.11.06-16.28.53:580][  0]LogTemp: Display: Loaded TP MacNoEditorTargetPlatform
[2018.11.06-16.28.53:596][  0]LogTemp: Display: Loaded TP MacServerTargetPlatform
[2018.11.06-16.28.53:614][  0]LogTemp: Display: Loaded TP MacTargetPlatform
[2018.11.06-16.28.53:631][  0]LogTemp: Display: Loaded TP WindowsClientTargetPlatform
[2018.11.06-16.28.53:647][  0]LogTemp: Display: Loaded TP WindowsNoEditorTargetPlatform
[2018.11.06-16.28.53:664][  0]LogTemp: Display: Loaded TP WindowsServerTargetPlatform
[2018.11.06-16.28.53:672][  0]LogTemp: Display: Loaded TP WindowsTargetPlatform
[2018.11.06-16.28.53:766][  0]LogTemp: Display: Loaded TP AndroidTargetPlatform
[2018.11.06-16.28.53:766][  0]LogTemp: Display: Loaded TP AndroidTargetPlatform
[2018.11.06-16.28.53:766][  0]LogTemp: Display: Loaded TP AndroidTargetPlatform
[2018.11.06-16.28.53:766][  0]LogTemp: Display: Loaded TP AndroidTargetPlatform
[2018.11.06-16.28.53:766][  0]LogTemp: Display: Loaded TP AndroidTargetPlatform
[2018.11.06-16.28.53:766][  0]LogTemp: Display: Loaded TP AndroidTargetPlatform
[2018.11.06-16.28.53:766][  0]LogTemp: Display: Loaded TP AndroidTargetPlatform
[2018.11.06-16.28.53:766][  0]LogTemp: Display: Loaded TP AndroidTargetPlatform
[2018.11.06-16.28.53:766][  0]LogTemp: Display: Loaded TP AndroidTargetPlatform
[2018.11.06-16.28.53:766][  0]LogTemp: Display: Loaded TP AndroidTargetPlatform
[2018.11.06-16.28.53:766][  0]LogTemp: Display: Loaded TP AndroidTargetPlatform
[2018.11.06-16.28.53:766][  0]LogTemp: Display: Loaded TP AndroidTargetPlatform
[2018.11.06-16.28.53:766][  0]LogTemp: Display: Loaded TP AndroidTargetPlatform
[2018.11.06-16.28.53:766][  0]LogTemp: Display: Loaded TP AndroidTargetPlatform
[2018.11.06-16.28.53:766][  0]LogTemp: Display: Loaded TP AndroidTargetPlatform
[2018.11.06-16.28.53:766][  0]LogTemp: Display: Loaded TP AndroidTargetPlatform
[2018.11.06-16.28.53:766][  0]LogTemp: Display: Loaded TP AndroidTargetPlatform
[2018.11.06-16.28.53:766][  0]LogTemp: Display: Loaded TP AndroidTargetPlatform
[2018.11.06-16.28.53:768][  0]LogTemp: Display: Loaded TP HTML5TargetPlatform
[2018.11.06-16.28.53:833][  0]LogTemp: Display: Loaded TP IOSTargetPlatform
[2018.11.06-16.28.53:833][  0]LogTemp: Display: Loaded TP IOSTargetPlatform
[2018.11.06-16.28.53:860][  0]LogTemp: Display: Loaded TP TVOSTargetPlatform
[2018.11.06-16.28.53:860][  0]LogTemp: Display: Loaded TP TVOSTargetPlatform
[2018.11.06-16.28.53:876][  0]LogTemp: Display: Loaded TP LinuxClientTargetPlatform
[2018.11.06-16.28.53:891][  0]LogTemp: Display: Loaded TP LinuxNoEditorTargetPlatform
[2018.11.06-16.28.53:906][  0]LogTemp: Display: Loaded TP LinuxServerTargetPlatform
[2018.11.06-16.28.53:923][  0]LogTemp: Display: Loaded TP LinuxTargetPlatform
[2018.11.06-16.28.53:934][  0]LogTemp: Display: Loaded TP LuminTargetPlatform
[2018.11.06-16.28.53:934][  0]LogTargetPlatformManager: Display: Building Assets For Windows
[2018.11.06-16.28.54:030][  0]LogXGEController: Cannot use XGE Controller as Incredibuild is not installed on this machine.
[2018.11.06-16.28.54:031][  0]LogShaderCompilers: Cannot use XGE Shader Compiler as Incredibuild is not installed on this machine.
[2018.11.06-16.28.54:031][  0]LogShaderCompilers: Display: Using Local Shader Compiler.
[2018.11.06-16.28.54:892][  0]LogDerivedDataCache: Display: Max Cache Size: 512 MB
[2018.11.06-16.28.54:995][  0]LogDerivedDataCache: Loaded boot cache 0.10s 71MB C:/Users/Алексей/AppData/Local/UnrealEngine/4.20/DerivedDataCache/Boot.ddc.
[2018.11.06-16.28.54:997][  0]LogDerivedDataCache: Display: Loaded Boot cache: C:/Users/Алексей/AppData/Local/UnrealEngine/4.20/DerivedDataCache/Boot.ddc
[2018.11.06-16.28.54:997][  0]LogDerivedDataCache: FDerivedDataBackendGraph:  Pak pak cache file ../../../../Autophobia/DerivedDataCache/DDC.ddp not found, will not use a pak cache.
[2018.11.06-16.28.54:997][  0]LogDerivedDataCache: Unable to find inner node Pak for hierarchical cache Hierarchy.
[2018.11.06-16.28.54:997][  0]LogDerivedDataCache: FDerivedDataBackendGraph:  CompressedPak pak cache file ../../../../Autophobia/DerivedDataCache/Compressed.ddp not found, will not use a pak cache.
[2018.11.06-16.28.54:997][  0]LogDerivedDataCache: Unable to find inner node CompressedPak for hierarchical cache Hierarchy.
[2018.11.06-16.28.55:012][  0]LogDerivedDataCache: Display: Pak cache opened for reading ../../../Engine/DerivedDataCache/Compressed.ddp.
[2018.11.06-16.28.55:025][  0]LogDerivedDataCache: Using Local data cache path C:/Users/Алексей/AppData/Local/UnrealEngine/Common/DerivedDataCache: Writable
[2018.11.06-16.28.55:025][  0]LogDerivedDataCache: Shared data cache path not found in *engine.ini, will not use an Shared cache.
[2018.11.06-16.28.55:025][  0]LogDerivedDataCache: Unable to find inner node Shared for hierarchical cache Hierarchy.
[2018.11.06-16.28.55:046][  0]LogMaterial: Verifying Global Shaders for PCD3D_SM5
[2018.11.06-16.28.55:048][  0]LogSlate: Using FreeType 2.6.0
[2018.11.06-16.28.55:050][  0]LogSlate: SlateFontServices - WITH_FREETYPE: 1, WITH_HARFBUZZ: 1
[2018.11.06-16.28.55:149][  0]LogAssetRegistry: FAssetRegistry took 0.0265 seconds to start up
[2018.11.06-16.28.55:511][  0]LogInit: Selected Device Profile: [Windows]
[2018.11.06-16.28.55:577][  0]LogSimplygon: Simplygon DLL not present - disabling.
[2018.11.06-16.28.55:582][  0]LogMeshReduction: Using SimplygonSwarm for distributed automatic mesh merging
[2018.11.06-16.28.55:582][  0]LogMeshReduction: Using ProxyLODMeshReduction for automatic mesh merging
[2018.11.06-16.28.55:582][  0]LogMeshReduction: Using QuadricMeshReduction for automatic static mesh reduction
[2018.11.06-16.28.55:582][  0]LogMeshReduction: No automatic skeletal mesh reduction module available
[2018.11.06-16.28.55:690][  0]LogNetVersion: Autophobia 1.0.0, NetCL: 4212847, EngineNetVer: 5, GameNetVer: 0 (Checksum: 691312978)
[2018.11.06-16.28.56:245][  0]LogPackageLocalizationCache: Processed 11 localized package path(s) for 2 prioritized culture(s) in 0.088769 seconds
[2018.11.06-16.28.56:253][  0]LogUObjectArray: 38425 objects as part of root set at end of initial load.
[2018.11.06-16.28.56:253][  0]LogUObjectAllocator: 6690864 out of 0 bytes used by permanent object pool.
[2018.11.06-16.28.56:253][  0]LogUObjectArray: CloseDisregardForGC: 0/0 objects in disregard for GC pool
[2018.11.06-16.28.57:453][  0]LogTcpMessaging: Initializing TcpMessaging bridge
[2018.11.06-16.28.57:500][  0]LogUdpMessaging: Initializing bridge on interface 0.0.0.0:0 to multicast group 230.0.0.1:6666.
[2018.11.06-16.28.57:693][  0]SourceControl: Source control is disabled
[2018.11.06-16.28.57:693][  0]SourceControl: Source control is disabled
[2018.11.06-16.28.57:695][  0]SourceControl: Source control is disabled
[2018.11.06-16.28.57:697][  0]SourceControl: Source control is disabled
[2018.11.06-16.28.57:894][  0]LogAndroidPermission: UAndroidPermissionCallbackProxy::GetInstance
[2018.11.06-16.28.58:002][  0]LogOcInput: OculusInput pre-init called
[2018.11.06-16.28.58:073][  0]LogEngine: Initializing Engine...
[2018.11.06-16.28.58:074][  0]LogHMD: Failed to initialize OpenVR with code 110
[2018.11.06-16.28.58:075][  0]LogStats: UGameplayTagsManager::ConstructGameplayTagTree: ImportINI prefixes -  0.000 s
[2018.11.06-16.28.58:075][  0]LogStats: UGameplayTagsManager::ConstructGameplayTagTree: Construct from data asset -  0.000 s
[2018.11.06-16.28.58:075][  0]LogStats: UGameplayTagsManager::ConstructGameplayTagTree: ImportINI -  0.000 s
[2018.11.06-16.28.58:075][  0]LogStats: UGameplayTagsManager::ConstructGameplayTagTree: GameplayTagTreeChangedEvent.Broadcast -  0.000 s
[2018.11.06-16.28.58:440][  0]LogInit: Initializing FReadOnlyCVARCache
[2018.11.06-16.28.58:458][  0]LogAIModule: Creating AISystem for world Untitled
[2018.11.06-16.28.58:475][  0]LogInit: XAudio2 using 'Динамики (Realtek High Definition Audio)' : 2 channels at 48 kHz using 32 bits per sample (channel mask 0x3)
[2018.11.06-16.28.58:519][  0]LogInit: FAudioDevice initialized.
[2018.11.06-16.28.58:520][  0]LogNetVersion: Set ProjectVersion to 1.0.0.0. Version Checksum will be recalculated on next use.
[2018.11.06-16.29.01:494][  0]LogDerivedDataCache: Saved boot cache 2.97s 71MB C:/Users/Алексей/AppData/Local/UnrealEngine/4.20/DerivedDataCache/Boot.ddc.
[2018.11.06-16.29.01:494][  0]LogInit: Texture streaming: Enabled
[2018.11.06-16.29.01:524][  0]LogEngineSessionManager: EngineSessionManager initialized
[2018.11.06-16.29.01:557][  0]LogInit: Transaction tracking system initialized
[2018.11.06-16.29.01:593][  0]BlueprintLog: New page: Editor Load
[2018.11.06-16.29.01:825][  0]LocalizationService: Localization service is disabled
[2018.11.06-16.29.02:136][  0]LogCook: Display: Max memory allowance for cook 16384mb min free memory 0mb
[2018.11.06-16.29.02:136][  0]LogCook: Display: Mobile HDR setting 1
[2018.11.06-16.29.02:136][  0]LogGameplayTags: Display: UGameplayTagsManager::DoneAddingNativeTags. DelegateIsBound: 0
[2018.11.06-16.29.02:136][  0]LogStats: UGameplayTagsManager::ConstructGameplayTagTree: ImportINI prefixes -  0.000 s
[2018.11.06-16.29.02:136][  0]LogStats: UGameplayTagsManager::ConstructGameplayTagTree: Construct from data asset -  0.000 s
[2018.11.06-16.29.02:136][  0]LogStats: UGameplayTagsManager::ConstructGameplayTagTree: ImportINI -  0.000 s
[2018.11.06-16.29.02:136][  0]LogStats: UGameplayTagsManager::ConstructGameplayTagTree: GameplayTagTreeChangedEvent.Broadcast -  0.000 s
[2018.11.06-16.29.02:303][  0]LogFileCache: Scanning file cache for directory 'D:/Autophobia/Content/' took 0.01s
[2018.11.06-16.29.02:303][  0]SourceControl: Source control is disabled
[2018.11.06-16.29.02:305][  0]LogFactory: FactoryCreateFile: PackFactory with PackFactory (0 0 D:/UE_4.20/FeaturePacks/StarterContent.upack)
[2018.11.06-16.29.02:339][  0]LogPackFactory: Finished extracting 8 files (including 0 errors).
[2018.11.06-16.29.02:356][  0]LogPackFactory: Copied "../../../Samples/StarterContent/Content/StarterContent/Architecture/Floor_400x400.uasset" to "../../../../Autophobia/Content/StarterContent/Architecture/Floor_400x400.uasset"
[2018.11.06-16.29.02:371][  0]LogPackFactory: Copied "../../../Samples/StarterContent/Content/StarterContent/Architecture/Pillar_50x500.uasset" to "../../../../Autophobia/Content/StarterContent/Architecture/Pillar_50x500.uasset"
[2018.11.06-16.29.02:431][  0]LogPackFactory: Copied "../../../Samples/StarterContent/Content/StarterContent/Architecture/SM_AssetPlatform.uasset" to "../../../../Autophobia/Content/StarterContent/Architecture/SM_AssetPlatform.uasset"
[2018.11.06-16.29.02:446][  0]LogPackFactory: Copied "../../../Samples/StarterContent/Content/StarterContent/Architecture/Wall_400x200.uasset" to "../../../../Autophobia/Content/StarterContent/Architecture/Wall_400x200.uasset"
[2018.11.06-16.29.02:460][  0]LogPackFactory: Copied "../../../Samples/StarterContent/Content/StarterContent/Architecture/Wall_400x300.uasset" to "../../../../Autophobia/Content/StarterContent/Architecture/Wall_400x300.uasset"
[2018.11.06-16.29.02:475][  0]LogPackFactory: Copied "../../../Samples/StarterContent/Content/StarterContent/Architecture/Wall_400x400.uasset" to "../../../../Autophobia/Content/StarterContent/Architecture/Wall_400x400.uasset"
[2018.11.06-16.29.02:490][  0]LogPackFactory: Copied "../../../Samples/StarterContent/Content/StarterContent/Architecture/Wall_500x500.uasset" to "../../../../Autophobia/Content/StarterContent/Architecture/Wall_500x500.uasset"
[2018.11.06-16.29.02:504][  0]LogPackFactory: Copied "../../../Samples/StarterContent/Content/StarterContent/Architecture/Wall_Door_400x300.uasset" to "../../../../Autophobia/Content/StarterContent/Architecture/Wall_Door_400x300.uasset"
[2018.11.06-16.29.02:518][  0]LogPackFactory: Copied "../../../Samples/StarterContent/Content/StarterContent/Architecture/Wall_Door_400x400.uasset" to "../../../../Autophobia/Content/StarterContent/Architecture/Wall_Door_400x400.uasset"
[2018.11.06-16.29.02:532][  0]LogPackFactory: Copied "../../../Samples/StarterContent/Content/StarterContent/Architecture/Wall_Window_400x300.uasset" to "../../../../Autophobia/Content/StarterContent/Architecture/Wall_Window_400x300.uasset"
[2018.11.06-16.29.02:590][  0]LogPackFactory: Copied "../../../Samples/StarterContent/Content/StarterContent/Architecture/Wall_Window_400x400.uasset" to "../../../../Autophobia/Content/StarterContent/Architecture/Wall_Window_400x400.uasset"
[2018.11.06-16.29.02:607][  0]LogPackFactory: Copied "../../../Samples/StarterContent/Content/StarterContent/Audio/Collapse01.uasset" to "../../../../Autophobia/Content/StarterContent/Audio/Collapse01.uasset"
[2018.11.06-16.29.02:624][  0]LogPackFactory: Copied "../../../Samples/StarterContent/Content/StarterContent/Audio/Collapse02.uasset" to "../../../../Autophobia/Content/StarterContent/Audio/Collapse02.uasset"
[2018.11.06-16.29.02:663][  0]LogPackFactory: Copied "../../../Samples/StarterContent/Content/StarterContent/Audio/Collapse_Cue.uasset" to "../../../../Autophobia/Content/StarterContent/Audio/Collapse_Cue.uasset"
[2018.11.06-16.29.02:680][  0]LogPackFactory: Copied "../../../Samples/StarterContent/Content/StarterContent/Audio/Explosion01.uasset" to "../../../../Autophobia/Content/StarterContent/Audio/Explosion01.uasset"
[2018.11.06-16.29.02:697][  0]LogPackFactory: Copied "../../../Samples/StarterContent/Content/StarterContent/Audio/Explosion02.uasset" to "../../../../Autophobia/Content/StarterContent/Audio/Explosion02.uasset"
[2018.11.06-16.29.02:734][  0]LogPackFactory: Copied "../../../Samples/StarterContent/Content/StarterContent/Audio/Explosion_Cue.uasset" to "../../../../Autophobia/Content/StarterContent/Audio/Explosion_Cue.uasset"
[2018.11.06-16.29.02:771][  0]LogPackFactory: Copied "../../../Samples/StarterContent/Content/StarterContent/Audio/Fire01.uasset" to "../../../../Autophobia/Content/StarterContent/Audio/Fire01.uasset"
[2018.11.06-16.29.02:793][  0]LogPackFactory: Copied "../../../Samples/StarterContent/Content/StarterContent/Audio/Fire01_Cue.uasset" to "../../../../Autophobia/Content/StarterContent/Audio/Fire01_Cue.uasset"
[2018.11.06-16.29.02:825][  0]LogPackFactory: Copied "../../../Samples/StarterContent/Content/StarterContent/Audio/Fire_Sparks01.uasset" to "../../../../Autophobia/Content/StarterContent/Audio/Fire_Sparks01.uasset"
[2018.11.06-16.29.02:862][  0]LogPackFactory: Copied "../../../Samples/StarterContent/Content/StarterContent/Audio/Fire_Sparks01_Cue.uasset" to "../../../../Autophobia/Content/StarterContent/Audio/Fire_Sparks01_Cue.uasset"
[2018.11.06-16.29.02:897][  0]LogPackFactory: Copied "../../../Samples/StarterContent/Content/StarterContent/Audio/Light01.uasset" to "../../../../Autophobia/Content/StarterContent/Audio/Light01.uasset"
[2018.11.06-16.29.02:965][  0]LogPackFactory: Copied "../../../Samples/StarterContent/Content/StarterContent/Audio/Light01_Cue.uasset" to "../../../../Autophobia/Content/StarterContent/Audio/Light01_Cue.uasset"
[2018.11.06-16.29.02:982][  0]LogPackFactory: Copied "../../../Samples/StarterContent/Content/StarterContent/Audio/Light02.uasset" to "../../../../Autophobia/Content/StarterContent/Audio/Light02.uasset"
[2018.11.06-16.29.03:039][  0]LogPackFactory: Copied "../../../Samples/StarterContent/Content/StarterContent/Audio/Light02_Cue.uasset" to "../../../../Autophobia/Content/StarterContent/Audio/Light02_Cue.uasset"
[2018.11.06-16.29.03:056][  0]LogPackFactory: Copied "../../../Samples/StarterContent/Content/StarterContent/Audio/Smoke01.uasset" to "../../../../Autophobia/Content/StarterContent/Audio/Smoke01.uasset"
[2018.11.06-16.29.03:109][  0]LogPackFactory: Copied "../../../Samples/StarterContent/Content/StarterContent/Audio/Smoke01_Cue.uasset" to "../../../../Autophobia/Content/StarterContent/Audio/Smoke01_Cue.uasset"
[2018.11.06-16.29.03:180][  0]LogPackFactory: Copied "../../../Samples/StarterContent/Content/StarterContent/Audio/Starter_Background_Cue.uasset" to "../../../../Autophobia/Content/StarterContent/Audio/Starter_Background_Cue.uasset"
[2018.11.06-16.29.03:257][  0]LogPackFactory: Copied "../../../Samples/StarterContent/Content/StarterContent/Audio/Starter_Birds01.uasset" to "../../../../Autophobia/Content/StarterContent/Audio/Starter_Birds01.uasset"
[2018.11.06-16.29.03:397][  0]LogPackFactory: Copied "../../../Samples/StarterContent/Content/StarterContent/Audio/Starter_Music01.uasset" to "../../../../Autophobia/Content/StarterContent/Audio/Starter_Music01.uasset"
[2018.11.06-16.29.03:414][  0]LogPackFactory: Copied "../../../Samples/StarterContent/Content/StarterContent/Audio/Starter_Music_Cue.uasset" to "../../../../Autophobia/Content/StarterContent/Audio/Starter_Music_Cue.uasset"
[2018.11.06-16.29.03:525][  0]LogPackFactory: Copied "../../../Samples/StarterContent/Content/StarterContent/Audio/Starter_Wind05.uasset" to "../../../../Autophobia/Content/StarterContent/Audio/Starter_Wind05.uasset"
[2018.11.06-16.29.03:565][  0]LogPackFactory: Copied "../../../Samples/StarterContent/Content/StarterContent/Audio/Starter_Wind06.uasset" to "../../../../Autophobia/Content/StarterContent/Audio/Starter_Wind06.uasset"
[2018.11.06-16.29.03:612][  0]LogPackFactory: Copied "../../../Samples/StarterContent/Content/StarterContent/Audio/Steam01.uasset" to "../../../../Autophobia/Content/StarterContent/Audio/Steam01.uasset"
[2018.11.06-16.29.03:631][  0]LogPackFactory: Copied "../../../Samples/StarterContent/Content/StarterContent/Audio/Steam01_Cue.uasset" to "../../../../Autophobia/Content/StarterContent/Audio/Steam01_Cue.uasset"
[2018.11.06-16.29.03:654][  0]LogPackFactory: Copied "../../../Samples/StarterContent/Content/StarterContent/Blueprints/Blueprint_CeilingLight.uasset" to "../../../../Autophobia/Content/StarterContent/Blueprints/Blueprint_CeilingLight.uasset"
[2018.11.06-16.29.03:681][  0]LogPackFactory: Copied "../../../Samples/StarterContent/Content/StarterContent/Blueprints/Blueprint_Effect_Explosion.uasset" to "../../../../Autophobia/Content/StarterContent/Blueprints/Blueprint_Effect_Explosion.uasset"
[2018.11.06-16.29.03:711][  0]LogPackFactory: Copied "../../../Samples/StarterContent/Content/StarterContent/Blueprints/Blueprint_Effect_Fire.uasset" to "../../../../Autophobia/Content/StarterContent/Blueprints/Blueprint_Effect_Fire.uasset"
[2018.11.06-16.29.03:780][  0]LogPackFactory: Copied "../../../Samples/StarterContent/Content/StarterContent/Blueprints/Blueprint_Effect_Smoke.uasset" to "../../../../Autophobia/Content/StarterContent/Blueprints/Blueprint_Effect_Smoke.uasset"
[2018.11.06-16.29.03:883][  0]LogPackFactory: Copied "../../../Samples/StarterContent/Content/StarterContent/Blueprints/Blueprint_Effect_Sparks.uasset" to "../../../../Autophobia/Content/StarterContent/Blueprints/Blueprint_Effect_Sparks.uasset"
[2018.11.06-16.29.03:911][  0]LogPackFactory: Copied "../../../Samples/StarterContent/Content/StarterContent/Blueprints/Blueprint_Effect_Steam.uasset" to "../../../../Autophobia/Content/StarterContent/Blueprints/Blueprint_Effect_Steam.uasset"
[2018.11.06-16.29.03:970][  0]LogPackFactory: Copied "../../../Samples/StarterContent/Content/StarterContent/Blueprints/Blueprint_WallSconce.uasset" to "../../../../Autophobia/Content/StarterContent/Blueprints/Blueprint_WallSconce.uasset"
[2018.11.06-16.29.04:008][  0]LogPackFactory: Copied "../../../Samples/StarterContent/Content/StarterContent/Blueprints/BP_LightStudio.uasset" to "../../../../Autophobia/Content/StarterContent/Blueprints/BP_LightStudio.uasset"
[2018.11.06-16.29.04:085][  0]LogPackFactory: Copied "../../../Samples/StarterContent/Content/StarterContent/Blueprints/Assets/FogBrightnessLUT.uasset" to "../../../../Autophobia/Content/StarterContent/Blueprints/Assets/FogBrightnessLUT.uasset"
[2018.11.06-16.29.04:141][  0]LogPackFactory: Copied "../../../Samples/StarterContent/Content/StarterContent/Blueprints/Assets/M_LightStage_Arrows.uasset" to "../../../../Autophobia/Content/StarterContent/Blueprints/Assets/M_LightStage_Arrows.uasset"
[2018.11.06-16.29.04:167][  0]LogPackFactory: Copied "../../../Samples/StarterContent/Content/StarterContent/Blueprints/Assets/M_LightStage_Skybox_Black.uasset" to "../../../../Autophobia/Content/StarterContent/Blueprints/Assets/M_LightStage_Skybox_Black.uasset"
[2018.11.06-16.29.04:279][  0]LogPackFactory: Copied "../../../Samples/StarterContent/Content/StarterContent/Blueprints/Assets/M_LightStage_Skybox_HDRI.uasset" to "../../../../Autophobia/Content/StarterContent/Blueprints/Assets/M_LightStage_Skybox_HDRI.uasset"
[2018.11.06-16.29.04:303][  0]LogPackFactory: Copied "../../../Samples/StarterContent/Content/StarterContent/Blueprints/Assets/M_LightStage_Skybox_Master.uasset" to "../../../../Autophobia/Content/StarterContent/Blueprints/Assets/M_LightStage_Skybox_Master.uasset"
[2018.11.06-16.29.04:455][  0]LogPackFactory: Copied "../../../Samples/StarterContent/Content/StarterContent/Blueprints/Assets/Skybox.uasset" to "../../../../Autophobia/Content/StarterContent/Blueprints/Assets/Skybox.uasset"
[2018.11.06-16.29.04:497][  0]LogPackFactory: Copied "../../../Samples/StarterContent/Content/StarterContent/Blueprints/Assets/SM_Arrows.uasset" to "../../../../Autophobia/Content/StarterContent/Blueprints/Assets/SM_Arrows.uasset"
[2018.11.06-16.29.04:567][  0]LogPackFactory: Copied "../../../Samples/StarterContent/Content/StarterContent/Blueprints/Assets/SunlightColorLUT.uasset" to "../../../../Autophobia/Content/StarterContent/Blueprints/Assets/SunlightColorLUT.uasset"
[2018.11.06-16.29.06:438][  0]LogPackFactory: Copied "../../../Samples/StarterContent/Content/StarterContent/HDRI/HDRI_Epic_Courtyard_Daylight.uasset" to "../../../../Autophobia/Content/StarterContent/HDRI/HDRI_Epic_Courtyard_Daylight.uasset"
[2018.11.06-16.29.06:648][  0]LogPackFactory: Copied "../../../Samples/StarterContent/Content/StarterContent/Maps/Advanced_Lighting.umap" to "../../../../Autophobia/Content/StarterContent/Maps/Advanced_Lighting.umap"
[2018.11.06-16.29.06:767][  0]LogPackFactory: Copied "../../../Samples/StarterContent/Content/StarterContent/Maps/Advanced_Lighting_BuiltData.uasset" to "../../../../Autophobia/Content/StarterContent/Maps/Advanced_Lighting_BuiltData.uasset"
[2018.11.06-16.29.06:992][  0]LogPackFactory: Copied "../../../Samples/StarterContent/Content/StarterContent/Maps/Minimal_Default.umap" to "../../../../Autophobia/Content/StarterContent/Maps/Minimal_Default.umap"
[2018.11.06-16.29.07:041][  0]LogPackFactory: Copied "../../../Samples/StarterContent/Content/StarterContent/Maps/Minimal_Default_BuiltData.uasset" to "../../../../Autophobia/Content/StarterContent/Maps/Minimal_Default_BuiltData.uasset"
[2018.11.06-16.29.07:114][  0]LogPackFactory: Copied "../../../Samples/StarterContent/Content/StarterContent/Maps/StarterMap.umap" to "../../../../Autophobia/Content/StarterContent/Maps/StarterMap.umap"
[2018.11.06-16.29.07:727][  0]LogPackFactory: Copied "../../../Samples/StarterContent/Content/StarterContent/Maps/StarterMap_BuiltData.uasset" to "../../../../Autophobia/Content/StarterContent/Maps/StarterMap_BuiltData.uasset"
[2018.11.06-16.29.07:792][  0]LogPackFactory: Copied "../../../Samples/StarterContent/Content/StarterContent/Materials/M_AssetPlatform.uasset" to "../../../../Autophobia/Content/StarterContent/Materials/M_AssetPlatform.uasset"
[2018.11.06-16.29.07:958][  0]LogPackFactory: Copied "../../../Samples/StarterContent/Content/StarterContent/Materials/M_Basic_Floor.uasset" to "../../../../Autophobia/Content/StarterContent/Materials/M_Basic_Floor.uasset"
[2018.11.06-16.29.08:055][  0]LogPackFactory: Copied "../../../Samples/StarterContent/Content/StarterContent/Materials/M_Basic_Wall.uasset" to "../../../../Autophobia/Content/StarterContent/Materials/M_Basic_Wall.uasset"
[2018.11.06-16.29.08:080][  0]LogPackFactory: Copied "../../../Samples/StarterContent/Content/StarterContent/Materials/M_Brick_Clay_Beveled.uasset" to "../../../../Autophobia/Content/StarterContent/Materials/M_Brick_Clay_Beveled.uasset"
[2018.11.06-16.29.08:100][  0]LogPackFactory: Copied "../../../Samples/StarterContent/Content/StarterContent/Materials/M_Brick_Clay_New.uasset" to "../../../../Autophobia/Content/StarterContent/Materials/M_Brick_Clay_New.uasset"
[2018.11.06-16.29.08:164][  0]LogPackFactory: Copied "../../../Samples/StarterContent/Content/StarterContent/Materials/M_Brick_Clay_Old.uasset" to "../../../../Autophobia/Content/StarterContent/Materials/M_Brick_Clay_Old.uasset"
[2018.11.06-16.29.08:281][  0]LogPackFactory: Copied "../../../Samples/StarterContent/Content/StarterContent/Materials/M_Brick_Cut_Stone.uasset" to "../../../../Autophobia/Content/StarterContent/Materials/M_Brick_Cut_Stone.uasset"
[2018.11.06-16.29.09:438][  0]LogPackFactory: Copied "../../../Samples/StarterContent/Content/StarterContent/Materials/M_Brick_Hewn_Stone.uasset" to "../../../../Autophobia/Content/StarterContent/Materials/M_Brick_Hewn_Stone.uasset"
[2018.11.06-16.29.09:522][  0]LogPackFactory: Copied "../../../Samples/StarterContent/Content/StarterContent/Materials/M_Ceramic_Tile_Checker.uasset" to "../../../../Autophobia/Content/StarterContent/Materials/M_Ceramic_Tile_Checker.uasset"
[2018.11.06-16.29.09:541][  0]LogPackFactory: Copied "../../../Samples/StarterContent/Content/StarterContent/Materials/M_CobbleStone_Pebble.uasset" to "../../../../Autophobia/Content/StarterContent/Materials/M_CobbleStone_Pebble.uasset"
[2018.11.06-16.29.09:596][  0]LogPackFactory: Copied "../../../Samples/StarterContent/Content/StarterContent/Materials/M_CobbleStone_Rough.uasset" to "../../../../Autophobia/Content/StarterContent/Materials/M_CobbleStone_Rough.uasset"
[2018.11.06-16.29.09:618][  0]LogPackFactory: Copied "../../../Samples/StarterContent/Content/StarterContent/Materials/M_CobbleStone_Smooth.uasset" to "../../../../Autophobia/Content/StarterContent/Materials/M_CobbleStone_Smooth.uasset"
[2018.11.06-16.29.09:632][  0]LogPackFactory: Copied "../../../Samples/StarterContent/Content/StarterContent/Materials/M_ColorGrid_LowSpec.uasset" to "../../../../Autophobia/Content/StarterContent/Materials/M_ColorGrid_LowSpec.uasset"
[2018.11.06-16.29.09:647][  0]LogPackFactory: Copied "../../../Samples/StarterContent/Content/StarterContent/Materials/M_Concrete_Grime.uasset" to "../../../../Autophobia/Content/StarterContent/Materials/M_Concrete_Grime.uasset"
[2018.11.06-16.29.09:721][  0]LogPackFactory: Copied "../../../Samples/StarterContent/Content/StarterContent/Materials/M_Concrete_Panels.uasset" to "../../../../Autophobia/Content/StarterContent/Materials/M_Concrete_Panels.uasset"
[2018.11.06-16.29.09:741][  0]LogPackFactory: Copied "../../../Samples/StarterContent/Content/StarterContent/Materials/M_Concrete_Poured.uasset" to "../../../../Autophobia/Content/StarterContent/Materials/M_Concrete_Poured.uasset"
[2018.11.06-16.29.09:782][  0]LogPackFactory: Copied "../../../Samples/StarterContent/Content/StarterContent/Materials/M_Concrete_Tiles.uasset" to "../../../../Autophobia/Content/StarterContent/Materials/M_Concrete_Tiles.uasset"
[2018.11.06-16.29.09:854][  0]LogPackFactory: Copied "../../../Samples/StarterContent/Content/StarterContent/Materials/M_Glass.uasset" to "../../../../Autophobia/Content/StarterContent/Materials/M_Glass.uasset"
[2018.11.06-16.29.09:890][  0]LogPackFactory: Copied "../../../Samples/StarterContent/Content/StarterContent/Materials/M_Ground_Grass.uasset" to "../../../../Autophobia/Content/StarterContent/Materials/M_Ground_Grass.uasset"
[2018.11.06-16.29.09:916][  0]LogPackFactory: Copied "../../../Samples/StarterContent/Content/StarterContent/Materials/M_Ground_Gravel.uasset" to "../../../../Autophobia/Content/StarterContent/Materials/M_Ground_Gravel.uasset"
[2018.11.06-16.29.09:945][  0]LogPackFactory: Copied "../../../Samples/StarterContent/Content/StarterContent/Materials/M_Ground_Moss.uasset" to "../../../../Autophobia/Content/StarterContent/Materials/M_Ground_Moss.uasset"
[2018.11.06-16.29.09:965][  0]LogPackFactory: Copied "../../../Samples/StarterContent/Content/StarterContent/Materials/M_Metal_Brushed_Nickel.uasset" to "../../../../Autophobia/Content/StarterContent/Materials/M_Metal_Brushed_Nickel.uasset"
[2018.11.06-16.29.09:985][  0]LogPackFactory: Copied "../../../Samples/StarterContent/Content/StarterContent/Materials/M_Metal_Burnished_Steel.uasset" to "../../../../Autophobia/Content/StarterContent/Materials/M_Metal_Burnished_Steel.uasset"
[2018.11.06-16.29.10:041][  0]LogPackFactory: Copied "../../../Samples/StarterContent/Content/StarterContent/Materials/M_Metal_Chrome.uasset" to "../../../../Autophobia/Content/StarterContent/Materials/M_Metal_Chrome.uasset"
[2018.11.06-16.29.10:058][  0]LogPackFactory: Copied "../../../Samples/StarterContent/Content/StarterContent/Materials/M_Metal_Copper.uasset" to "../../../../Autophobia/Content/StarterContent/Materials/M_Metal_Copper.uasset"
[2018.11.06-16.29.10:104][  0]LogPackFactory: Copied "../../../Samples/StarterContent/Content/StarterContent/Materials/M_Metal_Gold.uasset" to "../../../../Autophobia/Content/StarterContent/Materials/M_Metal_Gold.uasset"
[2018.11.06-16.29.10:121][  0]LogPackFactory: Copied "../../../Samples/StarterContent/Content/StarterContent/Materials/M_Metal_Rust.uasset" to "../../../../Autophobia/Content/StarterContent/Materials/M_Metal_Rust.uasset"
[2018.11.06-16.29.10:139][  0]LogPackFactory: Copied "../../../Samples/StarterContent/Content/StarterContent/Materials/M_Metal_Steel.uasset" to "../../../../Autophobia/Content/StarterContent/Materials/M_Metal_Steel.uasset"
[2018.11.06-16.29.10:156][  0]LogPackFactory: Copied "../../../Samples/StarterContent/Content/StarterContent/Materials/M_Rock_Basalt.uasset" to "../../../../Autophobia/Content/StarterContent/Materials/M_Rock_Basalt.uasset"
[2018.11.06-16.29.10:173][  0]LogPackFactory: Copied "../../../Samples/StarterContent/Content/StarterContent/Materials/M_Rock_Marble_Polished.uasset" to "../../../../Autophobia/Content/StarterContent/Materials/M_Rock_Marble_Polished.uasset"
[2018.11.06-16.29.10:251][  0]LogPackFactory: Copied "../../../Samples/StarterContent/Content/StarterContent/Materials/M_Rock_Sandstone.uasset" to "../../../../Autophobia/Content/StarterContent/Materials/M_Rock_Sandstone.uasset"
[2018.11.06-16.29.10:322][  0]LogPackFactory: Copied "../../../Samples/StarterContent/Content/StarterContent/Materials/M_Rock_Slate.uasset" to "../../../../Autophobia/Content/StarterContent/Materials/M_Rock_Slate.uasset"
[2018.11.06-16.29.10:342][  0]LogPackFactory: Copied "../../../Samples/StarterContent/Content/StarterContent/Materials/M_Tech_Checker_Dot.uasset" to "../../../../Autophobia/Content/StarterContent/Materials/M_Tech_Checker_Dot.uasset"
[2018.11.06-16.29.10:372][  0]LogPackFactory: Copied "../../../Samples/StarterContent/Content/StarterContent/Materials/M_Tech_Hex_Tile.uasset" to "../../../../Autophobia/Content/StarterContent/Materials/M_Tech_Hex_Tile.uasset"
[2018.11.06-16.29.10:389][  0]LogPackFactory: Copied "../../../Samples/StarterContent/Content/StarterContent/Materials/M_Tech_Hex_Tile_Pulse.uasset" to "../../../../Autophobia/Content/StarterContent/Materials/M_Tech_Hex_Tile_Pulse.uasset"
[2018.11.06-16.29.10:418][  0]LogPackFactory: Copied "../../../Samples/StarterContent/Content/StarterContent/Materials/M_Tech_Panel.uasset" to "../../../../Autophobia/Content/StarterContent/Materials/M_Tech_Panel.uasset"
[2018.11.06-16.29.10:445][  0]LogPackFactory: Copied "../../../Samples/StarterContent/Content/StarterContent/Materials/M_Water_Lake.uasset" to "../../../../Autophobia/Content/StarterContent/Materials/M_Water_Lake.uasset"
[2018.11.06-16.29.10:484][  0]LogPackFactory: Copied "../../../Samples/StarterContent/Content/StarterContent/Materials/M_Water_Ocean.uasset" to "../../../../Autophobia/Content/StarterContent/Materials/M_Water_Ocean.uasset"
[2018.11.06-16.29.10:515][  0]LogPackFactory: Copied "../../../Samples/StarterContent/Content/StarterContent/Materials/M_Wood_Floor_Walnut_Polished.uasset" to "../../../../Autophobia/Content/StarterContent/Materials/M_Wood_Floor_Walnut_Polished.uasset"
[2018.11.06-16.29.10:532][  0]LogPackFactory: Copied "../../../Samples/StarterContent/Content/StarterContent/Materials/M_Wood_Floor_Walnut_Worn.uasset" to "../../../../Autophobia/Content/StarterContent/Materials/M_Wood_Floor_Walnut_Worn.uasset"
[2018.11.06-16.29.10:549][  0]LogPackFactory: Copied "../../../Samples/StarterContent/Content/StarterContent/Materials/M_Wood_Oak.uasset" to "../../../../Autophobia/Content/StarterContent/Materials/M_Wood_Oak.uasset"
[2018.11.06-16.29.10:567][  0]LogPackFactory: Copied "../../../Samples/StarterContent/Content/StarterContent/Materials/M_Wood_Pine.uasset" to "../../../../Autophobia/Content/StarterContent/Materials/M_Wood_Pine.uasset"
[2018.11.06-16.29.10:583][  0]LogPackFactory: Copied "../../../Samples/StarterContent/Content/StarterContent/Materials/M_Wood_Walnut.uasset" to "../../../../Autophobia/Content/StarterContent/Materials/M_Wood_Walnut.uasset"
[2018.11.06-16.29.10:630][  0]LogPackFactory: Copied "../../../Samples/StarterContent/Content/StarterContent/Particles/P_Ambient_Dust.uasset" to "../../../../Autophobia/Content/StarterContent/Particles/P_Ambient_Dust.uasset"
[2018.11.06-16.29.10:649][  0]LogPackFactory: Copied "../../../Samples/StarterContent/Content/StarterContent/Particles/P_Explosion.uasset" to "../../../../Autophobia/Content/StarterContent/Particles/P_Explosion.uasset"
[2018.11.06-16.29.10:679][  0]LogPackFactory: Copied "../../../Samples/StarterContent/Content/StarterContent/Particles/P_Fire.uasset" to "../../../../Autophobia/Content/StarterContent/Particles/P_Fire.uasset"
[2018.11.06-16.29.10:695][  0]LogPackFactory: Copied "../../../Samples/StarterContent/Content/StarterContent/Particles/P_Smoke.uasset" to "../../../../Autophobia/Content/StarterContent/Particles/P_Smoke.uasset"
[2018.11.06-16.29.10:712][  0]LogPackFactory: Copied "../../../Samples/StarterContent/Content/StarterContent/Particles/P_Sparks.uasset" to "../../../../Autophobia/Content/StarterContent/Particles/P_Sparks.uasset"
[2018.11.06-16.29.10:778][  0]LogPackFactory: Copied "../../../Samples/StarterContent/Content/StarterContent/Particles/P_Steam_Lit.uasset" to "../../../../Autophobia/Content/StarterContent/Particles/P_Steam_Lit.uasset"
[2018.11.06-16.29.10:801][  0]LogPackFactory: Copied "../../../Samples/StarterContent/Content/StarterContent/Particles/Materials/M_Burst.uasset" to "../../../../Autophobia/Content/StarterContent/Particles/Materials/M_Burst.uasset"
[2018.11.06-16.29.10:816][  0]LogPackFactory: Copied "../../../Samples/StarterContent/Content/StarterContent/Particles/Materials/M_Dust_Particle.uasset" to "../../../../Autophobia/Content/StarterContent/Particles/Materials/M_Dust_Particle.uasset"
[2018.11.06-16.29.10:831][  0]LogPackFactory: Copied "../../../Samples/StarterContent/Content/StarterContent/Particles/Materials/M_explosion_subUV.uasset" to "../../../../Autophobia/Content/StarterContent/Particles/Materials/M_explosion_subUV.uasset"
[2018.11.06-16.29.10:857][  0]LogPackFactory: Copied "../../../Samples/StarterContent/Content/StarterContent/Particles/Materials/M_Fire_SubUV.uasset" to "../../../../Autophobia/Content/StarterContent/Particles/Materials/M_Fire_SubUV.uasset"
[2018.11.06-16.29.10:883][  0]LogPackFactory: Copied "../../../Samples/StarterContent/Content/StarterContent/Particles/Materials/m_flare_01.uasset" to "../../../../Autophobia/Content/StarterContent/Particles/Materials/m_flare_01.uasset"
[2018.11.06-16.29.11:134][  0]LogPackFactory: Copied "../../../Samples/StarterContent/Content/StarterContent/Particles/Materials/M_Heat_Distortion.uasset" to "../../../../Autophobia/Content/StarterContent/Particles/Materials/M_Heat_Distortion.uasset"
[2018.11.06-16.29.11:152][  0]LogPackFactory: Copied "../../../Samples/StarterContent/Content/StarterContent/Particles/Materials/M_Radial_Gradient.uasset" to "../../../../Autophobia/Content/StarterContent/Particles/Materials/M_Radial_Gradient.uasset"
[2018.11.06-16.29.11:189][  0]LogPackFactory: Copied "../../../Samples/StarterContent/Content/StarterContent/Particles/Materials/M_radial_ramp.uasset" to "../../../../Autophobia/Content/StarterContent/Particles/Materials/M_radial_ramp.uasset"
[2018.11.06-16.29.11:209][  0]LogPackFactory: Copied "../../../Samples/StarterContent/Content/StarterContent/Particles/Materials/M_smoke_subUV.uasset" to "../../../../Autophobia/Content/StarterContent/Particles/Materials/M_smoke_subUV.uasset"
[2018.11.06-16.29.11:230][  0]LogPackFactory: Copied "../../../Samples/StarterContent/Content/StarterContent/Particles/Materials/M_Spark.uasset" to "../../../../Autophobia/Content/StarterContent/Particles/Materials/M_Spark.uasset"
[2018.11.06-16.29.11:303][  0]LogPackFactory: Copied "../../../Samples/StarterContent/Content/StarterContent/Props/MaterialSphere.uasset" to "../../../../Autophobia/Content/StarterContent/Props/MaterialSphere.uasset"
[2018.11.06-16.29.11:366][  0]LogPackFactory: Copied "../../../Samples/StarterContent/Content/StarterContent/Props/SM_Bush.uasset" to "../../../../Autophobia/Content/StarterContent/Props/SM_Bush.uasset"
[2018.11.06-16.29.11:397][  0]LogPackFactory: Copied "../../../Samples/StarterContent/Content/StarterContent/Props/SM_Chair.uasset" to "../../../../Autophobia/Content/StarterContent/Props/SM_Chair.uasset"
[2018.11.06-16.29.11:428][  0]LogPackFactory: Copied "../../../Samples/StarterContent/Content/StarterContent/Props/SM_CornerFrame.uasset" to "../../../../Autophobia/Content/StarterContent/Props/SM_CornerFrame.uasset"
[2018.11.06-16.29.11:460][  0]LogPackFactory: Copied "../../../Samples/StarterContent/Content/StarterContent/Props/SM_Couch.uasset" to "../../../../Autophobia/Content/StarterContent/Props/SM_Couch.uasset"
[2018.11.06-16.29.11:482][  0]LogPackFactory: Copied "../../../Samples/StarterContent/Content/StarterContent/Props/SM_Door.uasset" to "../../../../Autophobia/Content/StarterContent/Props/SM_Door.uasset"
[2018.11.06-16.29.11:501][  0]LogPackFactory: Copied "../../../Samples/StarterContent/Content/StarterContent/Props/SM_DoorFrame.uasset" to "../../../../Autophobia/Content/StarterContent/Props/SM_DoorFrame.uasset"
[2018.11.06-16.29.11:520][  0]LogPackFactory: Copied "../../../Samples/StarterContent/Content/StarterContent/Props/SM_GlassWindow.uasset" to "../../../../Autophobia/Content/StarterContent/Props/SM_GlassWindow.uasset"
[2018.11.06-16.29.11:543][  0]LogPackFactory: Copied "../../../Samples/StarterContent/Content/StarterContent/Props/SM_Lamp_Ceiling.uasset" to "../../../../Autophobia/Content/StarterContent/Props/SM_Lamp_Ceiling.uasset"
[2018.11.06-16.29.11:574][  0]LogPackFactory: Copied "../../../Samples/StarterContent/Content/StarterContent/Props/SM_Lamp_Wall.uasset" to "../../../../Autophobia/Content/StarterContent/Props/SM_Lamp_Wall.uasset"
[2018.11.06-16.29.11:658][  0]LogPackFactory: Copied "../../../Samples/StarterContent/Content/StarterContent/Props/SM_MatPreviewMesh_02.uasset" to "../../../../Autophobia/Content/StarterContent/Props/SM_MatPreviewMesh_02.uasset"
[2018.11.06-16.29.11:691][  0]LogPackFactory: Copied "../../../Samples/StarterContent/Content/StarterContent/Props/SM_PillarFrame.uasset" to "../../../../Autophobia/Content/StarterContent/Props/SM_PillarFrame.uasset"
[2018.11.06-16.29.11:722][  0]LogPackFactory: Copied "../../../Samples/StarterContent/Content/StarterContent/Props/SM_PillarFrame300.uasset" to "../../../../Autophobia/Content/StarterContent/Props/SM_PillarFrame300.uasset"
[2018.11.06-16.29.11:753][  0]LogPackFactory: Copied "../../../Samples/StarterContent/Content/StarterContent/Props/SM_Rock.uasset" to "../../../../Autophobia/Content/StarterContent/Props/SM_Rock.uasset"
[2018.11.06-16.29.11:783][  0]LogPackFactory: Copied "../../../Samples/StarterContent/Content/StarterContent/Props/SM_Shelf.uasset" to "../../../../Autophobia/Content/StarterContent/Props/SM_Shelf.uasset"
[2018.11.06-16.29.11:802][  0]LogPackFactory: Copied "../../../Samples/StarterContent/Content/StarterContent/Props/SM_Stairs.uasset" to "../../../../Autophobia/Content/StarterContent/Props/SM_Stairs.uasset"
[2018.11.06-16.29.11:847][  0]LogPackFactory: Copied "../../../Samples/StarterContent/Content/StarterContent/Props/SM_Statue.uasset" to "../../../../Autophobia/Content/StarterContent/Props/SM_Statue.uasset"
[2018.11.06-16.29.11:873][  0]LogPackFactory: Copied "../../../Samples/StarterContent/Content/StarterContent/Props/SM_TableRound.uasset" to "../../../../Autophobia/Content/StarterContent/Props/SM_TableRound.uasset"
[2018.11.06-16.29.11:891][  0]LogPackFactory: Copied "../../../Samples/StarterContent/Content/StarterContent/Props/SM_WindowFrame.uasset" to "../../../../Autophobia/Content/StarterContent/Props/SM_WindowFrame.uasset"
[2018.11.06-16.29.11:911][  0]LogPackFactory: Copied "../../../Samples/StarterContent/Content/StarterContent/Props/Materials/M_Bush.uasset" to "../../../../Autophobia/Content/StarterContent/Props/Materials/M_Bush.uasset"
[2018.11.06-16.29.11:931][  0]LogPackFactory: Copied "../../../Samples/StarterContent/Content/StarterContent/Props/Materials/M_Chair.uasset" to "../../../../Autophobia/Content/StarterContent/Props/Materials/M_Chair.uasset"
[2018.11.06-16.29.11:964][  0]LogPackFactory: Copied "../../../Samples/StarterContent/Content/StarterContent/Props/Materials/M_Door.uasset" to "../../../../Autophobia/Content/StarterContent/Props/Materials/M_Door.uasset"
[2018.11.06-16.29.11:984][  0]LogPackFactory: Copied "../../../Samples/StarterContent/Content/StarterContent/Props/Materials/M_Frame.uasset" to "../../../../Autophobia/Content/StarterContent/Props/Materials/M_Frame.uasset"
[2018.11.06-16.29.12:003][  0]LogPackFactory: Copied "../../../Samples/StarterContent/Content/StarterContent/Props/Materials/M_Lamp.uasset" to "../../../../Autophobia/Content/StarterContent/Props/Materials/M_Lamp.uasset"
[2018.11.06-16.29.12:021][  0]LogPackFactory: Copied "../../../Samples/StarterContent/Content/StarterContent/Props/Materials/M_MaterialSphere.uasset" to "../../../../Autophobia/Content/StarterContent/Props/Materials/M_MaterialSphere.uasset"
[2018.11.06-16.29.12:040][  0]LogPackFactory: Copied "../../../Samples/StarterContent/Content/StarterContent/Props/Materials/M_MaterialSphere_Plain.uasset" to "../../../../Autophobia/Content/StarterContent/Props/Materials/M_MaterialSphere_Plain.uasset"
[2018.11.06-16.29.12:059][  0]LogPackFactory: Copied "../../../Samples/StarterContent/Content/StarterContent/Props/Materials/M_Rock.uasset" to "../../../../Autophobia/Content/StarterContent/Props/Materials/M_Rock.uasset"
[2018.11.06-16.29.12:076][  0]LogPackFactory: Copied "../../../Samples/StarterContent/Content/StarterContent/Props/Materials/M_Shelf.uasset" to "../../../../Autophobia/Content/StarterContent/Props/Materials/M_Shelf.uasset"
[2018.11.06-16.29.12:092][  0]LogPackFactory: Copied "../../../Samples/StarterContent/Content/StarterContent/Props/Materials/M_Statue.uasset" to "../../../../Autophobia/Content/StarterContent/Props/Materials/M_Statue.uasset"
[2018.11.06-16.29.12:151][  0]LogPackFactory: Copied "../../../Samples/StarterContent/Content/StarterContent/Props/Materials/M_StatueGlass.uasset" to "../../../../Autophobia/Content/StarterContent/Props/Materials/M_StatueGlass.uasset"
[2018.11.06-16.29.12:167][  0]LogPackFactory: Copied "../../../Samples/StarterContent/Content/StarterContent/Props/Materials/M_TableRound.uasset" to "../../../../Autophobia/Content/StarterContent/Props/Materials/M_TableRound.uasset"
[2018.11.06-16.29.12:194][  0]LogPackFactory: Copied "../../../Samples/StarterContent/Content/StarterContent/Shapes/Shape_Cone.uasset" to "../../../../Autophobia/Content/StarterContent/Shapes/Shape_Cone.uasset"
[2018.11.06-16.29.12:261][  0]LogPackFactory: Copied "../../../Samples/StarterContent/Content/StarterContent/Shapes/Shape_Cube.uasset" to "../../../../Autophobia/Content/StarterContent/Shapes/Shape_Cube.uasset"
[2018.11.06-16.29.12:504][  0]LogPackFactory: Copied "../../../Samples/StarterContent/Content/StarterContent/Shapes/Shape_Cylinder.uasset" to "../../../../Autophobia/Content/StarterContent/Shapes/Shape_Cylinder.uasset"
[2018.11.06-16.29.12:524][  0]LogPackFactory: Copied "../../../Samples/StarterContent/Content/StarterContent/Shapes/Shape_NarrowCapsule.uasset" to "../../../../Autophobia/Content/StarterContent/Shapes/Shape_NarrowCapsule.uasset"
[2018.11.06-16.29.12:552][  0]LogPackFactory: Copied "../../../Samples/StarterContent/Content/StarterContent/Shapes/Shape_Pipe.uasset" to "../../../../Autophobia/Content/StarterContent/Shapes/Shape_Pipe.uasset"
[2018.11.06-16.29.12:615][  0]LogPackFactory: Copied "../../../Samples/StarterContent/Content/StarterContent/Shapes/Shape_Pipe_180.uasset" to "../../../../Autophobia/Content/StarterContent/Shapes/Shape_Pipe_180.uasset"
[2018.11.06-16.29.12:632][  0]LogPackFactory: Copied "../../../Samples/StarterContent/Content/StarterContent/Shapes/Shape_Pipe_90.uasset" to "../../../../Autophobia/Content/StarterContent/Shapes/Shape_Pipe_90.uasset"
[2018.11.06-16.29.12:649][  0]LogPackFactory: Copied "../../../Samples/StarterContent/Content/StarterContent/Shapes/Shape_Plane.uasset" to "../../../../Autophobia/Content/StarterContent/Shapes/Shape_Plane.uasset"
[2018.11.06-16.29.12:677][  0]LogPackFactory: Copied "../../../Samples/StarterContent/Content/StarterContent/Shapes/Shape_QuadPyramid.uasset" to "../../../../Autophobia/Content/StarterContent/Shapes/Shape_QuadPyramid.uasset"
[2018.11.06-16.29.12:708][  0]LogPackFactory: Copied "../../../Samples/StarterContent/Content/StarterContent/Shapes/Shape_Sphere.uasset" to "../../../../Autophobia/Content/StarterContent/Shapes/Shape_Sphere.uasset"
[2018.11.06-16.29.12:744][  0]LogPackFactory: Copied "../../../Samples/StarterContent/Content/StarterContent/Shapes/Shape_Torus.uasset" to "../../../../Autophobia/Content/StarterContent/Shapes/Shape_Torus.uasset"
[2018.11.06-16.29.12:810][  0]LogPackFactory: Copied "../../../Samples/StarterContent/Content/StarterContent/Shapes/Shape_Trim.uasset" to "../../../../Autophobia/Content/StarterContent/Shapes/Shape_Trim.uasset"
[2018.11.06-16.29.12:827][  0]LogPackFactory: Copied "../../../Samples/StarterContent/Content/StarterContent/Shapes/Shape_Trim_90_In.uasset" to "../../../../Autophobia/Content/StarterContent/Shapes/Shape_Trim_90_In.uasset"
[2018.11.06-16.29.12:844][  0]LogPackFactory: Copied "../../../Samples/StarterContent/Content/StarterContent/Shapes/Shape_Trim_90_Out.uasset" to "../../../../Autophobia/Content/StarterContent/Shapes/Shape_Trim_90_Out.uasset"
[2018.11.06-16.29.12:861][  0]LogPackFactory: Copied "../../../Samples/StarterContent/Content/StarterContent/Shapes/Shape_TriPyramid.uasset" to "../../../../Autophobia/Content/StarterContent/Shapes/Shape_TriPyramid.uasset"
[2018.11.06-16.29.12:893][  0]LogPackFactory: Copied "../../../Samples/StarterContent/Content/StarterContent/Shapes/Shape_Tube.uasset" to "../../../../Autophobia/Content/StarterContent/Shapes/Shape_Tube.uasset"
[2018.11.06-16.29.12:910][  0]LogPackFactory: Copied "../../../Samples/StarterContent/Content/StarterContent/Shapes/Shape_Wedge_A.uasset" to "../../../../Autophobia/Content/StarterContent/Shapes/Shape_Wedge_A.uasset"
[2018.11.06-16.29.12:938][  0]LogPackFactory: Copied "../../../Samples/StarterContent/Content/StarterContent/Shapes/Shape_Wedge_B.uasset" to "../../../../Autophobia/Content/StarterContent/Shapes/Shape_Wedge_B.uasset"
[2018.11.06-16.29.12:957][  0]LogPackFactory: Copied "../../../Samples/StarterContent/Content/StarterContent/Shapes/Shape_WideCapsule.uasset" to "../../../../Autophobia/Content/StarterContent/Shapes/Shape_WideCapsule.uasset"
[2018.11.06-16.29.13:101][  0]LogPackFactory: Copied "../../../Samples/StarterContent/Content/StarterContent/Textures/T_Brick_Clay_Beveled_D.uasset" to "../../../../Autophobia/Content/StarterContent/Textures/T_Brick_Clay_Beveled_D.uasset"
[2018.11.06-16.29.13:226][  0]LogPackFactory: Copied "../../../Samples/StarterContent/Content/StarterContent/Textures/T_Brick_Clay_Beveled_M.uasset" to "../../../../Autophobia/Content/StarterContent/Textures/T_Brick_Clay_Beveled_M.uasset"
[2018.11.06-16.29.13:412][  0]LogPackFactory: Copied "../../../Samples/StarterContent/Content/StarterContent/Textures/T_Brick_Clay_Beveled_N.uasset" to "../../../../Autophobia/Content/StarterContent/Textures/T_Brick_Clay_Beveled_N.uasset"
[2018.11.06-16.29.13:512][  0]LogPackFactory: Copied "../../../Samples/StarterContent/Content/StarterContent/Textures/T_Brick_Clay_New_D.uasset" to "../../../../Autophobia/Content/StarterContent/Textures/T_Brick_Clay_New_D.uasset"
[2018.11.06-16.29.14:667][  0]LogPackFactory: Copied "../../../Samples/StarterContent/Content/StarterContent/Textures/T_Brick_Clay_New_M.uasset" to "../../../../Autophobia/Content/StarterContent/Textures/T_Brick_Clay_New_M.uasset"
[2018.11.06-16.29.14:883][  0]LogPackFactory: Copied "../../../Samples/StarterContent/Content/StarterContent/Textures/T_Brick_Clay_New_N.uasset" to "../../../../Autophobia/Content/StarterContent/Textures/T_Brick_Clay_New_N.uasset"
[2018.11.06-16.29.15:114][  0]LogPackFactory: Copied "../../../Samples/StarterContent/Content/StarterContent/Textures/T_Brick_Clay_Old_D.uasset" to "../../../../Autophobia/Content/StarterContent/Textures/T_Brick_Clay_Old_D.uasset"
[2018.11.06-16.29.15:339][  0]LogPackFactory: Copied "../../../Samples/StarterContent/Content/StarterContent/Textures/T_Brick_Clay_Old_N.uasset" to "../../../../Autophobia/Content/StarterContent/Textures/T_Brick_Clay_Old_N.uasset"
[2018.11.06-16.29.15:701][  0]LogPackFactory: Copied "../../../Samples/StarterContent/Content/StarterContent/Textures/T_Brick_Cut_Stone_D.uasset" to "../../../../Autophobia/Content/StarterContent/Textures/T_Brick_Cut_Stone_D.uasset"
[2018.11.06-16.29.15:896][  0]LogPackFactory: Copied "../../../Samples/StarterContent/Content/StarterContent/Textures/T_Brick_Cut_Stone_N.uasset" to "../../../../Autophobia/Content/StarterContent/Textures/T_Brick_Cut_Stone_N.uasset"
[2018.11.06-16.29.16:029][  0]LogPackFactory: Copied "../../../Samples/StarterContent/Content/StarterContent/Textures/T_Brick_Hewn_Stone_D.uasset" to "../../../../Autophobia/Content/StarterContent/Textures/T_Brick_Hewn_Stone_D.uasset"
[2018.11.06-16.29.16:189][  0]LogPackFactory: Copied "../../../Samples/StarterContent/Content/StarterContent/Textures/T_Brick_Hewn_Stone_M.uasset" to "../../../../Autophobia/Content/StarterContent/Textures/T_Brick_Hewn_Stone_M.uasset"
[2018.11.06-16.29.16:539][  0]LogPackFactory: Copied "../../../Samples/StarterContent/Content/StarterContent/Textures/T_Brick_Hewn_Stone_N.uasset" to "../../../../Autophobia/Content/StarterContent/Textures/T_Brick_Hewn_Stone_N.uasset"
[2018.11.06-16.29.16:767][  0]LogPackFactory: Copied "../../../Samples/StarterContent/Content/StarterContent/Textures/T_Burst_M.uasset" to "../../../../Autophobia/Content/StarterContent/Textures/T_Burst_M.uasset"
[2018.11.06-16.29.16:804][  0]LogPackFactory: Copied "../../../Samples/StarterContent/Content/StarterContent/Textures/T_Bush_D.uasset" to "../../../../Autophobia/Content/StarterContent/Textures/T_Bush_D.uasset"
[2018.11.06-16.29.16:854][  0]LogPackFactory: Copied "../../../Samples/StarterContent/Content/StarterContent/Textures/T_Bush_N.uasset" to "../../../../Autophobia/Content/StarterContent/Textures/T_Bush_N.uasset"
[2018.11.06-16.29.16:990][  0]LogPackFactory: Copied "../../../Samples/StarterContent/Content/StarterContent/Textures/T_Ceramic_Tile_M.uasset" to "../../../../Autophobia/Content/StarterContent/Textures/T_Ceramic_Tile_M.uasset"
[2018.11.06-16.29.17:022][  0]LogPackFactory: Copied "../../../Samples/StarterContent/Content/StarterContent/Textures/T_Ceramic_Tile_N.uasset" to "../../../../Autophobia/Content/StarterContent/Textures/T_Ceramic_Tile_N.uasset"
[2018.11.06-16.29.17:046][  0]LogPackFactory: Copied "../../../Samples/StarterContent/Content/StarterContent/Textures/T_Chair_M.uasset" to "../../../../Autophobia/Content/StarterContent/Textures/T_Chair_M.uasset"
[2018.11.06-16.29.17:114][  0]LogPackFactory: Copied "../../../Samples/StarterContent/Content/StarterContent/Textures/T_Chair_N.uasset" to "../../../../Autophobia/Content/StarterContent/Textures/T_Chair_N.uasset"
[2018.11.06-16.29.17:179][  0]LogPackFactory: Copied "../../../Samples/StarterContent/Content/StarterContent/Textures/T_Checker_Noise_M.uasset" to "../../../../Autophobia/Content/StarterContent/Textures/T_Checker_Noise_M.uasset"
[2018.11.06-16.29.17:453][  0]LogPackFactory: Copied "../../../Samples/StarterContent/Content/StarterContent/Textures/T_CobbleStone_Pebble_D.uasset" to "../../../../Autophobia/Content/StarterContent/Textures/T_CobbleStone_Pebble_D.uasset"
[2018.11.06-16.29.17:630][  0]LogPackFactory: Copied "../../../Samples/StarterContent/Content/StarterContent/Textures/T_CobbleStone_Pebble_M.uasset" to "../../../../Autophobia/Content/StarterContent/Textures/T_CobbleStone_Pebble_M.uasset"
[2018.11.06-16.29.18:139][  0]LogPackFactory: Copied "../../../Samples/StarterContent/Content/StarterContent/Textures/T_CobbleStone_Pebble_N.uasset" to "../../../../Autophobia/Content/StarterContent/Textures/T_CobbleStone_Pebble_N.uasset"
[2018.11.06-16.29.18:302][  0]LogPackFactory: Copied "../../../Samples/StarterContent/Content/StarterContent/Textures/T_CobbleStone_Rough_D.uasset" to "../../../../Autophobia/Content/StarterContent/Textures/T_CobbleStone_Rough_D.uasset"
[2018.11.06-16.29.18:419][  0]LogPackFactory: Copied "../../../Samples/StarterContent/Content/StarterContent/Textures/T_CobbleStone_Rough_N.uasset" to "../../../../Autophobia/Content/StarterContent/Textures/T_CobbleStone_Rough_N.uasset"
[2018.11.06-16.29.18:601][  0]LogPackFactory: Copied "../../../Samples/StarterContent/Content/StarterContent/Textures/T_CobbleStone_Smooth_D.uasset" to "../../../../Autophobia/Content/StarterContent/Textures/T_CobbleStone_Smooth_D.uasset"
[2018.11.06-16.29.18:994][  0]LogPackFactory: Copied "../../../Samples/StarterContent/Content/StarterContent/Textures/T_CobbleStone_Smooth_M.uasset" to "../../../../Autophobia/Content/StarterContent/Textures/T_CobbleStone_Smooth_M.uasset"
[2018.11.06-16.29.19:397][  0]LogPackFactory: Copied "../../../Samples/StarterContent/Content/StarterContent/Textures/T_CobbleStone_Smooth_N.uasset" to "../../../../Autophobia/Content/StarterContent/Textures/T_CobbleStone_Smooth_N.uasset"
[2018.11.06-16.29.19:881][  0]LogPackFactory: Copied "../../../Samples/StarterContent/Content/StarterContent/Textures/T_Concrete_Grime_D.uasset" to "../../../../Autophobia/Content/StarterContent/Textures/T_Concrete_Grime_D.uasset"
[2018.11.06-16.29.20:336][  0]LogPackFactory: Copied "../../../Samples/StarterContent/Content/StarterContent/Textures/T_Concrete_Panels_D.uasset" to "../../../../Autophobia/Content/StarterContent/Textures/T_Concrete_Panels_D.uasset"
[2018.11.06-16.29.20:534][  0]LogPackFactory: Copied "../../../Samples/StarterContent/Content/StarterContent/Textures/T_Concrete_Panels_N.uasset" to "../../../../Autophobia/Content/StarterContent/Textures/T_Concrete_Panels_N.uasset"
[2018.11.06-16.29.21:033][  0]LogPackFactory: Copied "../../../Samples/StarterContent/Content/StarterContent/Textures/T_Concrete_Poured_D.uasset" to "../../../../Autophobia/Content/StarterContent/Textures/T_Concrete_Poured_D.uasset"
[2018.11.06-16.29.21:332][  0]LogPackFactory: Copied "../../../Samples/StarterContent/Content/StarterContent/Textures/T_Concrete_Poured_N.uasset" to "../../../../Autophobia/Content/StarterContent/Textures/T_Concrete_Poured_N.uasset"
[2018.11.06-16.29.21:610][  0]LogPackFactory: Copied "../../../Samples/StarterContent/Content/StarterContent/Textures/T_Concrete_Tiles_D.uasset" to "../../../../Autophobia/Content/StarterContent/Textures/T_Concrete_Tiles_D.uasset"
[2018.11.06-16.29.21:846][  0]LogPackFactory: Copied "../../../Samples/StarterContent/Content/StarterContent/Textures/T_Concrete_Tiles_M.uasset" to "../../../../Autophobia/Content/StarterContent/Textures/T_Concrete_Tiles_M.uasset"
[2018.11.06-16.29.22:141][  0]LogPackFactory: Copied "../../../Samples/StarterContent/Content/StarterContent/Textures/T_Concrete_Tiles_N.uasset" to "../../../../Autophobia/Content/StarterContent/Textures/T_Concrete_Tiles_N.uasset"
[2018.11.06-16.29.22:294][  0]LogPackFactory: Copied "../../../Samples/StarterContent/Content/StarterContent/Textures/T_Concrete_Tiles_Variation_M.uasset" to "../../../../Autophobia/Content/StarterContent/Textures/T_Concrete_Tiles_Variation_M.uasset"
[2018.11.06-16.29.22:351][  0]LogPackFactory: Copied "../../../Samples/StarterContent/Content/StarterContent/Textures/T_Detail_Rocky_N.uasset" to "../../../../Autophobia/Content/StarterContent/Textures/T_Detail_Rocky_N.uasset"
[2018.11.06-16.29.22:434][  0]LogPackFactory: Copied "../../../Samples/StarterContent/Content/StarterContent/Textures/T_Door_M.uasset" to "../../../../Autophobia/Content/StarterContent/Textures/T_Door_M.uasset"
[2018.11.06-16.29.22:570][  0]LogPackFactory: Copied "../../../Samples/StarterContent/Content/StarterContent/Textures/T_Door_N.uasset" to "../../../../Autophobia/Content/StarterContent/Textures/T_Door_N.uasset"
[2018.11.06-16.29.22:633][  0]LogPackFactory: Copied "../../../Samples/StarterContent/Content/StarterContent/Textures/T_Dust_Particle_D.uasset" to "../../../../Autophobia/Content/StarterContent/Textures/T_Dust_Particle_D.uasset"
[2018.11.06-16.29.22:747][  0]LogPackFactory: Copied "../../../Samples/StarterContent/Content/StarterContent/Textures/T_Explosion_SubUV.uasset" to "../../../../Autophobia/Content/StarterContent/Textures/T_Explosion_SubUV.uasset"
[2018.11.06-16.29.22:988][  0]LogPackFactory: Copied "../../../Samples/StarterContent/Content/StarterContent/Textures/T_Fire_SubUV.uasset" to "../../../../Autophobia/Content/StarterContent/Textures/T_Fire_SubUV.uasset"
[2018.11.06-16.29.23:036][  0]LogPackFactory: Copied "../../../Samples/StarterContent/Content/StarterContent/Textures/T_Fire_Tiled_D.uasset" to "../../../../Autophobia/Content/StarterContent/Textures/T_Fire_Tiled_D.uasset"
[2018.11.06-16.29.23:074][  0]LogPackFactory: Copied "../../../Samples/StarterContent/Content/StarterContent/Textures/T_Frame_M.uasset" to "../../../../Autophobia/Content/StarterContent/Textures/T_Frame_M.uasset"
[2018.11.06-16.29.23:111][  0]LogPackFactory: Copied "../../../Samples/StarterContent/Content/StarterContent/Textures/T_Frame_N.uasset" to "../../../../Autophobia/Content/StarterContent/Textures/T_Frame_N.uasset"
[2018.11.06-16.29.23:149][  0]LogPackFactory: Copied "../../../Samples/StarterContent/Content/StarterContent/Textures/T_Gradinet_01.uasset" to "../../../../Autophobia/Content/StarterContent/Textures/T_Gradinet_01.uasset"
[2018.11.06-16.29.23:532][  0]LogPackFactory: Copied "../../../Samples/StarterContent/Content/StarterContent/Textures/T_Ground_Grass_D.uasset" to "../../../../Autophobia/Content/StarterContent/Textures/T_Ground_Grass_D.uasset"
[2018.11.06-16.29.24:078][  0]LogPackFactory: Copied "../../../Samples/StarterContent/Content/StarterContent/Textures/T_Ground_Grass_N.uasset" to "../../../../Autophobia/Content/StarterContent/Textures/T_Ground_Grass_N.uasset"
[2018.11.06-16.29.24:649][  0]LogPackFactory: Copied "../../../Samples/StarterContent/Content/StarterContent/Textures/T_Ground_Gravel_D.uasset" to "../../../../Autophobia/Content/StarterContent/Textures/T_Ground_Gravel_D.uasset"
[2018.11.06-16.29.25:928][  0]LogPackFactory: Copied "../../../Samples/StarterContent/Content/StarterContent/Textures/T_Ground_Gravel_N.uasset" to "../../../../Autophobia/Content/StarterContent/Textures/T_Ground_Gravel_N.uasset"
[2018.11.06-16.29.26:297][  0]LogPackFactory: Copied "../../../Samples/StarterContent/Content/StarterContent/Textures/T_ground_Moss_D.uasset" to "../../../../Autophobia/Content/StarterContent/Textures/T_ground_Moss_D.uasset"
[2018.11.06-16.29.26:466][  0]LogPackFactory: Copied "../../../Samples/StarterContent/Content/StarterContent/Textures/T_Ground_Moss_N.uasset" to "../../../../Autophobia/Content/StarterContent/Textures/T_Ground_Moss_N.uasset"
[2018.11.06-16.29.26:494][  0]LogPackFactory: Copied "../../../Samples/StarterContent/Content/StarterContent/Textures/T_Lamp_M.uasset" to "../../../../Autophobia/Content/StarterContent/Textures/T_Lamp_M.uasset"
[2018.11.06-16.29.26:534][  0]LogPackFactory: Copied "../../../Samples/StarterContent/Content/StarterContent/Textures/T_Lamp_N.uasset" to "../../../../Autophobia/Content/StarterContent/Textures/T_Lamp_N.uasset"
[2018.11.06-16.29.26:773][  0]LogPackFactory: Copied "../../../Samples/StarterContent/Content/StarterContent/Textures/T_MacroVariation.uasset" to "../../../../Autophobia/Content/StarterContent/Textures/T_MacroVariation.uasset"
[2018.11.06-16.29.26:967][  0]LogPackFactory: Copied "../../../Samples/StarterContent/Content/StarterContent/Textures/T_Metal_Aluminum_D.uasset" to "../../../../Autophobia/Content/StarterContent/Textures/T_Metal_Aluminum_D.uasset"
[2018.11.06-16.29.27:086][  0]LogPackFactory: Copied "../../../Samples/StarterContent/Content/StarterContent/Textures/T_Metal_Copper_D.uasset" to "../../../../Autophobia/Content/StarterContent/Textures/T_Metal_Copper_D.uasset"
[2018.11.06-16.29.27:440][  0]LogPackFactory: Copied "../../../Samples/StarterContent/Content/StarterContent/Textures/T_Metal_Gold_D.uasset" to "../../../../Autophobia/Content/StarterContent/Textures/T_Metal_Gold_D.uasset"
[2018.11.06-16.29.27:698][  0]LogPackFactory: Copied "../../../Samples/StarterContent/Content/StarterContent/Textures/T_Metal_Gold_N.uasset" to "../../../../Autophobia/Content/StarterContent/Textures/T_Metal_Gold_N.uasset"
[2018.11.06-16.29.28:093][  0]LogPackFactory: Copied "../../../Samples/StarterContent/Content/StarterContent/Textures/T_Metal_Rust_D.uasset" to "../../../../Autophobia/Content/StarterContent/Textures/T_Metal_Rust_D.uasset"
[2018.11.06-16.29.28:490][  0]LogPackFactory: Copied "../../../Samples/StarterContent/Content/StarterContent/Textures/T_Metal_Rust_N.uasset" to "../../../../Autophobia/Content/StarterContent/Textures/T_Metal_Rust_N.uasset"
[2018.11.06-16.29.28:578][  0]LogPackFactory: Copied "../../../Samples/StarterContent/Content/StarterContent/Textures/T_Metal_Steel_D.uasset" to "../../../../Autophobia/Content/StarterContent/Textures/T_Metal_Steel_D.uasset"
[2018.11.06-16.29.29:871][  0]LogPackFactory: Copied "../../../Samples/StarterContent/Content/StarterContent/Textures/T_Metal_Steel_N.uasset" to "../../../../Autophobia/Content/StarterContent/Textures/T_Metal_Steel_N.uasset"
[2018.11.06-16.29.29:991][  0]LogPackFactory: Copied "../../../Samples/StarterContent/Content/StarterContent/Textures/T_Perlin_Noise_M.uasset" to "../../../../Autophobia/Content/StarterContent/Textures/T_Perlin_Noise_M.uasset"
[2018.11.06-16.29.30:060][  0]LogPackFactory: Copied "../../../Samples/StarterContent/Content/StarterContent/Textures/T_RockMesh_M.uasset" to "../../../../Autophobia/Content/StarterContent/Textures/T_RockMesh_M.uasset"
[2018.11.06-16.29.30:218][  0]LogPackFactory: Copied "../../../Samples/StarterContent/Content/StarterContent/Textures/T_RockMesh_N.uasset" to "../../../../Autophobia/Content/StarterContent/Textures/T_RockMesh_N.uasset"
[2018.11.06-16.29.30:414][  0]LogPackFactory: Copied "../../../Samples/StarterContent/Content/StarterContent/Textures/T_Rock_Basalt_D.uasset" to "../../../../Autophobia/Content/StarterContent/Textures/T_Rock_Basalt_D.uasset"
[2018.11.06-16.29.30:750][  0]LogPackFactory: Copied "../../../Samples/StarterContent/Content/StarterContent/Textures/T_Rock_Basalt_N.uasset" to "../../../../Autophobia/Content/StarterContent/Textures/T_Rock_Basalt_N.uasset"
[2018.11.06-16.29.30:926][  0]LogPackFactory: Copied "../../../Samples/StarterContent/Content/StarterContent/Textures/T_Rock_Marble_Polished_D.uasset" to "../../../../Autophobia/Content/StarterContent/Textures/T_Rock_Marble_Polished_D.uasset"
[2018.11.06-16.29.31:033][  0]LogPackFactory: Copied "../../../Samples/StarterContent/Content/StarterContent/Textures/T_Rock_Sandstone_D.uasset" to "../../../../Autophobia/Content/StarterContent/Textures/T_Rock_Sandstone_D.uasset"
[2018.11.06-16.29.31:310][  0]LogPackFactory: Copied "../../../Samples/StarterContent/Content/StarterContent/Textures/T_Rock_Sandstone_N.uasset" to "../../../../Autophobia/Content/StarterContent/Textures/T_Rock_Sandstone_N.uasset"
[2018.11.06-16.29.31:753][  0]LogPackFactory: Copied "../../../Samples/StarterContent/Content/StarterContent/Textures/T_Rock_Slate_D.uasset" to "../../../../Autophobia/Content/StarterContent/Textures/T_Rock_Slate_D.uasset"
[2018.11.06-16.29.32:041][  0]LogPackFactory: Copied "../../../Samples/StarterContent/Content/StarterContent/Textures/T_Rock_Slate_N.uasset" to "../../../../Autophobia/Content/StarterContent/Textures/T_Rock_Slate_N.uasset"
[2018.11.06-16.29.32:277][  0]LogPackFactory: Copied "../../../Samples/StarterContent/Content/StarterContent/Textures/T_Rock_Smooth_Granite_D.uasset" to "../../../../Autophobia/Content/StarterContent/Textures/T_Rock_Smooth_Granite_D.uasset"
[2018.11.06-16.29.32:471][  0]LogPackFactory: Copied "../../../Samples/StarterContent/Content/StarterContent/Textures/T_Shelf_M.uasset" to "../../../../Autophobia/Content/StarterContent/Textures/T_Shelf_M.uasset"
[2018.11.06-16.29.32:514][  0]LogPackFactory: Copied "../../../Samples/StarterContent/Content/StarterContent/Textures/T_Shelf_N.uasset" to "../../../../Autophobia/Content/StarterContent/Textures/T_Shelf_N.uasset"
[2018.11.06-16.29.32:551][  0]LogPackFactory: Copied "../../../Samples/StarterContent/Content/StarterContent/Textures/T_Single_Tile_N.uasset" to "../../../../Autophobia/Content/StarterContent/Textures/T_Single_Tile_N.uasset"
[2018.11.06-16.29.32:694][  0]LogPackFactory: Copied "../../../Samples/StarterContent/Content/StarterContent/Textures/T_Smoke_SubUV.uasset" to "../../../../Autophobia/Content/StarterContent/Textures/T_Smoke_SubUV.uasset"
[2018.11.06-16.29.33:976][  0]LogPackFactory: Copied "../../../Samples/StarterContent/Content/StarterContent/Textures/T_Smoke_Tiled_D.uasset" to "../../../../Autophobia/Content/StarterContent/Textures/T_Smoke_Tiled_D.uasset"
[2018.11.06-16.29.34:006][  0]LogPackFactory: Copied "../../../Samples/StarterContent/Content/StarterContent/Textures/T_Spark_Core.uasset" to "../../../../Autophobia/Content/StarterContent/Textures/T_Spark_Core.uasset"
[2018.11.06-16.29.34:024][  0]LogPackFactory: Copied "../../../Samples/StarterContent/Content/StarterContent/Textures/T_Statue_M.uasset" to "../../../../Autophobia/Content/StarterContent/Textures/T_Statue_M.uasset"
[2018.11.06-16.29.34:072][  0]LogPackFactory: Copied "../../../Samples/StarterContent/Content/StarterContent/Textures/T_Statue_N.uasset" to "../../../../Autophobia/Content/StarterContent/Textures/T_Statue_N.uasset"
[2018.11.06-16.29.34:105][  0]LogPackFactory: Copied "../../../Samples/StarterContent/Content/StarterContent/Textures/T_TableRound_M.uasset" to "../../../../Autophobia/Content/StarterContent/Textures/T_TableRound_M.uasset"
[2018.11.06-16.29.34:176][  0]LogPackFactory: Copied "../../../Samples/StarterContent/Content/StarterContent/Textures/T_TableRound_N.uasset" to "../../../../Autophobia/Content/StarterContent/Textures/T_TableRound_N.uasset"
[2018.11.06-16.29.34:239][  0]LogPackFactory: Copied "../../../Samples/StarterContent/Content/StarterContent/Textures/T_Tech_Dot_M.uasset" to "../../../../Autophobia/Content/StarterContent/Textures/T_Tech_Dot_M.uasset"
[2018.11.06-16.29.34:325][  0]LogPackFactory: Copied "../../../Samples/StarterContent/Content/StarterContent/Textures/T_Tech_Dot_N.uasset" to "../../../../Autophobia/Content/StarterContent/Textures/T_Tech_Dot_N.uasset"
[2018.11.06-16.29.34:357][  0]LogPackFactory: Copied "../../../Samples/StarterContent/Content/StarterContent/Textures/T_Tech_Hex_Tile_M.uasset" to "../../../../Autophobia/Content/StarterContent/Textures/T_Tech_Hex_Tile_M.uasset"
[2018.11.06-16.29.34:401][  0]LogPackFactory: Copied "../../../Samples/StarterContent/Content/StarterContent/Textures/T_Tech_Hex_Tile_N.uasset" to "../../../../Autophobia/Content/StarterContent/Textures/T_Tech_Hex_Tile_N.uasset"
[2018.11.06-16.29.34:482][  0]LogPackFactory: Copied "../../../Samples/StarterContent/Content/StarterContent/Textures/T_Tech_Panel_M.uasset" to "../../../../Autophobia/Content/StarterContent/Textures/T_Tech_Panel_M.uasset"
[2018.11.06-16.29.34:523][  0]LogPackFactory: Copied "../../../Samples/StarterContent/Content/StarterContent/Textures/T_Tech_Panel_N.uasset" to "../../../../Autophobia/Content/StarterContent/Textures/T_Tech_Panel_N.uasset"
[2018.11.06-16.29.34:623][  0]LogPackFactory: Copied "../../../Samples/StarterContent/Content/StarterContent/Textures/T_Water_M.uasset" to "../../../../Autophobia/Content/StarterContent/Textures/T_Water_M.uasset"
[2018.11.06-16.29.34:698][  0]LogPackFactory: Copied "../../../Samples/StarterContent/Content/StarterContent/Textures/T_Water_N.uasset" to "../../../../Autophobia/Content/StarterContent/Textures/T_Water_N.uasset"
[2018.11.06-16.29.34:800][  0]LogPackFactory: Copied "../../../Samples/StarterContent/Content/StarterContent/Textures/T_Wood_Floor_Walnut_D.uasset" to "../../../../Autophobia/Content/StarterContent/Textures/T_Wood_Floor_Walnut_D.uasset"
[2018.11.06-16.29.34:921][  0]LogPackFactory: Copied "../../../Samples/StarterContent/Content/StarterContent/Textures/T_Wood_Floor_Walnut_M.uasset" to "../../../../Autophobia/Content/StarterContent/Textures/T_Wood_Floor_Walnut_M.uasset"
[2018.11.06-16.29.34:966][  0]LogPackFactory: Copied "../../../Samples/StarterContent/Content/StarterContent/Textures/T_Wood_Floor_Walnut_N.uasset" to "../../../../Autophobia/Content/StarterContent/Textures/T_Wood_Floor_Walnut_N.uasset"
[2018.11.06-16.29.35:224][  0]LogPackFactory: Copied "../../../Samples/StarterContent/Content/StarterContent/Textures/T_Wood_Oak_D.uasset" to "../../../../Autophobia/Content/StarterContent/Textures/T_Wood_Oak_D.uasset"
[2018.11.06-16.29.35:334][  0]LogPackFactory: Copied "../../../Samples/StarterContent/Content/StarterContent/Textures/T_Wood_Oak_N.uasset" to "../../../../Autophobia/Content/StarterContent/Textures/T_Wood_Oak_N.uasset"
[2018.11.06-16.29.36:615][  0]LogPackFactory: Copied "../../../Samples/StarterContent/Content/StarterContent/Textures/T_Wood_Pine_D.uasset" to "../../../../Autophobia/Content/StarterContent/Textures/T_Wood_Pine_D.uasset"
[2018.11.06-16.29.36:721][  0]LogPackFactory: Copied "../../../Samples/StarterContent/Content/StarterContent/Textures/T_Wood_Pine_N.uasset" to "../../../../Autophobia/Content/StarterContent/Textures/T_Wood_Pine_N.uasset"
[2018.11.06-16.29.36:913][  0]LogPackFactory: Copied "../../../Samples/StarterContent/Content/StarterContent/Textures/T_Wood_Walnut_D.uasset" to "../../../../Autophobia/Content/StarterContent/Textures/T_Wood_Walnut_D.uasset"
[2018.11.06-16.29.37:062][  0]LogPackFactory: Copied "../../../Samples/StarterContent/Content/StarterContent/Textures/T_Wood_Walnut_N.uasset" to "../../../../Autophobia/Content/StarterContent/Textures/T_Wood_Walnut_N.uasset"
[2018.11.06-16.29.37:165][  0]LogRenderer: Reallocating scene render targets to support 256x256 Format 10 NumSamples 1 (Frame:1).
[2018.11.06-16.29.37:222][  0]Cmd: OBJ SAVEPACKAGE PACKAGE="/Game/StarterContent/Architecture/Floor_400x400" FILE="../../../../Autophobia/Content/StarterContent/Architecture/Floor_400x400.uasset" SILENT=true
[2018.11.06-16.29.37:292][  0]LogSavePackage: Moving '../../../../Autophobia/Saved/Floor_400x400521473384978D4E53690308C34AECEF8.tmp' to '../../../../Autophobia/Content/StarterContent/Architecture/Floor_400x400.uasset'
[2018.11.06-16.29.37:295][  0]LogFeaturePack: Warning: Inserted 1 feature packs
[2018.11.06-16.29.37:297][  0]Cmd: MAP LOAD FILE="../../../../Autophobia/Content/ThirdPersonBP/Maps/ThirdPersonExampleMap.umap" TEMPLATE=0 SHOWPROGRESS=1 FEATURELEVEL=3
[2018.11.06-16.29.37:297][  0]LightingResults: New page: Lighting Build
[2018.11.06-16.29.37:301][  0]MapCheck: New page: Map Check
[2018.11.06-16.29.37:301][  0]LightingResults: New page: Lighting Build
[2018.11.06-16.29.38:036][  0]LogAIModule: Creating AISystem for world ThirdPersonExampleMap
[2018.11.06-16.29.38:045][  0]LogEditorServer: Finished looking for orphan Actors (0.000 secs)
[2018.11.06-16.29.38:069][  0]Cmd: MAP CHECKDEP NOCLEARLOG
[2018.11.06-16.29.38:171][  0]MapCheck: Map check complete: 0 Error(s), 0 Warning(s), took 101,394ms to complete.
[2018.11.06-16.29.38:171][  0]LogFileHelpers: Loading map 'ThirdPersonExampleMap' took 0.874
[2018.11.06-16.29.38:281][  0]LogSlate: Updating window title bar state: overlay mode, drag disabled, window buttons hidden, title bar hidden
[2018.11.06-16.29.38:291][  0]LogSlate: Updating window title bar state: overlay mode, drag disabled, window buttons hidden, title bar hidden
[2018.11.06-16.29.38:299][  0]LogSlate: Updating window title bar state: overlay mode, drag disabled, window buttons hidden, title bar hidden
[2018.11.06-16.29.38:307][  0]LogSlate: Updating window title bar state: overlay mode, drag disabled, window buttons hidden, title bar hidden
[2018.11.06-16.29.38:316][  0]LogCollectionManager: Loaded 0 collections in 0.002559 seconds
[2018.11.06-16.29.38:360][  0]LogFileCache: Scanning file cache for directory 'D:/Autophobia/Saved/Collections/' took 0.01s
[2018.11.06-16.29.38:360][  0]LogFileCache: Scanning file cache for directory 'D:/Autophobia/Content/Developers/Алексей/Collections/' took 0.01s
[2018.11.06-16.29.38:360][  0]LogFileCache: Scanning file cache for directory 'D:/Autophobia/Content/Collections/' took 0.01s
[2018.11.06-16.29.38:360][  0]LogCollectionManager: Rebuilt the GUID cache for 0 collections in 0.000000 seconds
[2018.11.06-16.29.38:372][  0]LogContentBrowser: Native class hierarchy populated in 0.0112 seconds. Added 2572 classes and 603 folders.
[2018.11.06-16.29.38:381][  0]LogContentBrowser: Native class hierarchy updated for 'WidgetCarousel' in 0.0003 seconds. Added 0 classes and 0 folders.
[2018.11.06-16.29.38:487][  0]LogContentBrowser: Native class hierarchy updated for 'AddContentDialog' in 0.0004 seconds. Added 0 classes and 0 folders.
[2018.11.06-16.29.38:494][  0]LogContentBrowser: Native class hierarchy updated for 'SceneOutliner' in 0.0003 seconds. Added 1 classes and 2 folders.
[2018.11.06-16.29.38:579][  0]LogSlate: Took 0.000285 seconds to synchronously load lazily loaded font '../../../Engine/Content/Slate/Fonts/Roboto-Regular.ttf' (155K)
[2018.11.06-16.29.38:581][  0]LogSlate: Took 0.000275 seconds to synchronously load lazily loaded font '../../../Engine/Content/Slate/Fonts/Roboto-Bold.ttf' (160K)
[2018.11.06-16.29.38:588][  0]LogSlate: Took 0.000403 seconds to synchronously load lazily loaded font '../../../Engine/Content/Editor/Slate/Fonts/FontAwesome.ttf' (139K)
[2018.11.06-16.29.38:652][  0]LogRenderer: Reallocating scene render targets to support 1200x576 Format 10 NumSamples 1 (Frame:1).
[2018.11.06-16.29.38:718][  0]LogSlate: Took 0.000323 seconds to synchronously load lazily loaded font '../../../Engine/Content/Slate/Fonts/Roboto-Light.ttf' (167K)
[2018.11.06-16.29.38:871][  0]LogContentBrowser: Native class hierarchy updated for 'HierarchicalLODOutliner' in 0.0003 seconds. Added 0 classes and 0 folders.
[2018.11.06-16.29.38:871][  0]LogLoad: (Engine Initialization) Total time: 49.30 seconds
[2018.11.06-16.29.38:871][  0]LogLoad: (Engine Initialization) Total Blueprint compile time: 0.00 seconds
[2018.11.06-16.29.38:881][  0]LogWindowsTextInputMethodSystem: Display: IME system now deactivated.
[2018.11.06-16.29.39:013][  0]LogContentStreaming: Texture pool size now 1000 MB
[2018.11.06-16.29.39:051][  1]LogAssetRegistry: Asset discovery search completed in 43.9244 seconds
[2018.11.06-16.29.39:053][  1]LogCollectionManager: Rebuilt the object cache for 0 collections in 0.000000 seconds (found 0 objects)
[2018.11.06-16.29.39:053][  1]LogCollectionManager: Fixed up redirectors for 0 collections in 0.000071 seconds (updated 0 objects)
[2018.11.06-16.29.42:368][388]LogSlate: FSceneViewport::OnFocusLost() reason 0
